2025-01-07 14:07:44 [http-nio-8080-exec-3] INFO  com.example.filter.RateLimitingFilter - Request allowed for IP: 127.0.0.1
2025-01-07 14:07:44 [http-nio-8080-exec-4] INFO  com.example.controller.ChartDataServlet - Initializing ChartDataServlet...
2025-01-07 14:07:44 [http-nio-8080-exec-4] INFO  com.example.util.DatabaseConnection - Successfully loaded dbconfig.properties
2025-01-07 14:07:44 [http-nio-8080-exec-4] INFO  com.example.util.DatabaseConnection - Successfully initialized JNDI DataSource
2025-01-07 14:07:44 [http-nio-8080-exec-4] INFO  com.example.util.DatabaseConnection - Establishing database connection...
2025-01-07 14:07:44 [http-nio-8080-exec-4] INFO  com.example.util.DatabaseConnection - Database connection established successfully.
2025-01-07 14:07:44 [http-nio-8080-exec-4] INFO  com.example.controller.ChartDataServlet - Executed table creation query: create table if not exists `admin` (`admin_id` int not null auto_increment, `username` varchar(50) not null, `password` varchar(255) not null, `email` VARCHAR(100) default null, `created_at` timestamp null default current_timestamp, primary key (`admin_id`), unique key `username` (`username`), unique key `email` (`email`));
2025-01-07 14:07:44 [http-nio-8080-exec-4] INFO  com.example.controller.ChartDataServlet - Executed table creation query: create table if not exists `upload_metadata` (`upload_id` int not null auto_increment, `admin_id` int default null, `upload_date` timestamp null default current_timestamp, `file_name` varchar(255) default null, `records_inserted` int default null, `records_updated` int default null, `records_discarded` int default null, `status` varchar(50) default 'PENDING', primary key (`upload_id`), key `admin_id` (`admin_id`), constraint `upload_metadata_ibfk_1` foreign key (`admin_id`) references `admin` (`admin_id`));
2025-01-07 14:07:44 [http-nio-8080-exec-4] INFO  com.example.controller.ChartDataServlet - Executed table creation query: create table if not exists `usage_table` (`id` int not null auto_increment, `user_id` varchar(20) default null, `usage_value` int default null, `epoch` bigint default null, primary key (`id`));
2025-01-07 14:07:44 [http-nio-8080-exec-4] INFO  com.example.filter.RateLimitingFilter - Request allowed for IP: 127.0.0.1
2025-01-07 14:07:44 [http-nio-8080-exec-4] INFO  com.example.controller.ChartDataServlet - Handling POST request for chart data.
2025-01-07 14:07:44 [http-nio-8080-exec-4] INFO  com.example.util.DatabaseConnection - Establishing database connection...
2025-01-07 14:07:44 [http-nio-8080-exec-4] INFO  com.example.util.DatabaseConnection - Database connection established successfully.
2025-01-07 14:07:44 [http-nio-8080-exec-4] INFO  com.example.util.DatabaseConnection - Establishing database connection...
2025-01-07 14:07:44 [http-nio-8080-exec-4] INFO  com.example.util.DatabaseConnection - Database connection established successfully.
2025-01-07 14:07:44 [http-nio-8080-exec-4] INFO  com.example.util.DatabaseConnection - Establishing database connection...
2025-01-07 14:07:44 [http-nio-8080-exec-4] INFO  com.example.util.DatabaseConnection - Database connection established successfully.
2025-01-07 15:30:36 [http-nio-8080-exec-6] INFO  com.example.filter.RateLimitingFilter - Request allowed for IP: 127.0.0.1
2025-01-07 15:30:37 [http-nio-8080-exec-7] INFO  com.example.filter.RateLimitingFilter - Request allowed for IP: 127.0.0.1
2025-01-07 15:30:37 [http-nio-8080-exec-7] INFO  com.example.controller.ChartDataServlet - Handling POST request for chart data.
2025-01-07 15:30:37 [http-nio-8080-exec-7] INFO  com.example.util.DatabaseConnection - Establishing database connection...
2025-01-07 15:30:37 [http-nio-8080-exec-7] INFO  com.example.util.DatabaseConnection - Database connection established successfully.
2025-01-07 15:30:37 [http-nio-8080-exec-7] INFO  com.example.util.DatabaseConnection - Establishing database connection...
2025-01-07 15:30:37 [http-nio-8080-exec-7] INFO  com.example.util.DatabaseConnection - Database connection established successfully.
2025-01-07 15:30:37 [http-nio-8080-exec-7] INFO  com.example.util.DatabaseConnection - Establishing database connection...
2025-01-07 15:30:37 [http-nio-8080-exec-7] INFO  com.example.util.DatabaseConnection - Database connection established successfully.
2025-01-07 15:30:56 [http-nio-8080-exec-8] INFO  com.example.filter.RateLimitingFilter - Request allowed for IP: 127.0.0.1
2025-01-07 15:30:56 [http-nio-8080-exec-9] INFO  com.example.filter.RateLimitingFilter - Request allowed for IP: 127.0.0.1
2025-01-07 15:30:56 [http-nio-8080-exec-9] INFO  com.example.controller.ChartDataServlet - Handling POST request for chart data.
2025-01-07 15:30:56 [http-nio-8080-exec-9] INFO  com.example.util.DatabaseConnection - Establishing database connection...
2025-01-07 15:30:56 [http-nio-8080-exec-9] INFO  com.example.util.DatabaseConnection - Database connection established successfully.
2025-01-07 15:30:56 [http-nio-8080-exec-9] INFO  com.example.util.DatabaseConnection - Establishing database connection...
2025-01-07 15:30:56 [http-nio-8080-exec-9] INFO  com.example.util.DatabaseConnection - Database connection established successfully.
2025-01-07 15:30:56 [http-nio-8080-exec-9] INFO  com.example.util.DatabaseConnection - Establishing database connection...
2025-01-07 15:30:56 [http-nio-8080-exec-9] INFO  com.example.util.DatabaseConnection - Database connection established successfully.
2025-01-07 15:36:37 [http-nio-8080-exec-1] INFO  com.example.filter.RateLimitingFilter - Request allowed for IP: 127.0.0.1
2025-01-07 15:36:38 [http-nio-8080-exec-2] INFO  com.example.filter.RateLimitingFilter - Request allowed for IP: 127.0.0.1
2025-01-07 15:36:38 [http-nio-8080-exec-2] INFO  com.example.controller.ChartDataServlet - Handling POST request for chart data.
2025-01-07 15:36:38 [http-nio-8080-exec-2] INFO  com.example.util.DatabaseConnection - Establishing database connection...
2025-01-07 15:36:38 [http-nio-8080-exec-2] INFO  com.example.util.DatabaseConnection - Database connection established successfully.
2025-01-07 15:36:38 [http-nio-8080-exec-2] INFO  com.example.util.DatabaseConnection - Establishing database connection...
2025-01-07 15:36:38 [http-nio-8080-exec-2] INFO  com.example.util.DatabaseConnection - Database connection established successfully.
2025-01-07 15:36:38 [http-nio-8080-exec-2] INFO  com.example.util.DatabaseConnection - Establishing database connection...
2025-01-07 15:36:38 [http-nio-8080-exec-2] INFO  com.example.util.DatabaseConnection - Database connection established successfully.
2025-01-07 15:37:42 [http-nio-8080-exec-4] INFO  com.example.filter.RateLimitingFilter - Request allowed for IP: 127.0.0.1
2025-01-07 15:37:42 [http-nio-8080-exec-5] INFO  com.example.filter.RateLimitingFilter - Request allowed for IP: 127.0.0.1
2025-01-07 15:37:42 [http-nio-8080-exec-5] INFO  com.example.controller.ChartDataServlet - Handling POST request for chart data.
2025-01-07 15:37:42 [http-nio-8080-exec-5] INFO  com.example.util.DatabaseConnection - Establishing database connection...
2025-01-07 15:37:42 [http-nio-8080-exec-5] INFO  com.example.util.DatabaseConnection - Database connection established successfully.
2025-01-07 15:37:42 [http-nio-8080-exec-5] INFO  com.example.util.DatabaseConnection - Establishing database connection...
2025-01-07 15:37:42 [http-nio-8080-exec-5] INFO  com.example.util.DatabaseConnection - Database connection established successfully.
2025-01-07 15:37:42 [http-nio-8080-exec-5] INFO  com.example.util.DatabaseConnection - Establishing database connection...
2025-01-07 15:37:42 [http-nio-8080-exec-5] INFO  com.example.util.DatabaseConnection - Database connection established successfully.
2025-01-07 15:37:49 [http-nio-8080-exec-6] INFO  com.example.filter.RateLimitingFilter - Request allowed for IP: 127.0.0.1
2025-01-07 15:37:49 [http-nio-8080-exec-6] INFO  com.example.controller.ChartDataServlet - Handling POST request for chart data.
2025-01-07 15:37:49 [http-nio-8080-exec-6] INFO  com.example.util.DatabaseConnection - Establishing database connection...
2025-01-07 15:37:49 [http-nio-8080-exec-6] INFO  com.example.util.DatabaseConnection - Database connection established successfully.
2025-01-07 15:37:49 [http-nio-8080-exec-6] INFO  com.example.util.DatabaseConnection - Establishing database connection...
2025-01-07 15:37:49 [http-nio-8080-exec-6] INFO  com.example.util.DatabaseConnection - Database connection established successfully.
2025-01-07 15:37:49 [http-nio-8080-exec-6] INFO  com.example.util.DatabaseConnection - Establishing database connection...
2025-01-07 15:37:49 [http-nio-8080-exec-6] INFO  com.example.util.DatabaseConnection - Database connection established successfully.
2025-01-07 15:37:50 [http-nio-8080-exec-7] INFO  com.example.filter.RateLimitingFilter - Request allowed for IP: 127.0.0.1
2025-01-07 15:37:50 [http-nio-8080-exec-8] INFO  com.example.filter.RateLimitingFilter - Request allowed for IP: 127.0.0.1
2025-01-07 15:37:50 [http-nio-8080-exec-8] INFO  com.example.controller.ChartDataServlet - Handling POST request for chart data.
2025-01-07 15:37:50 [http-nio-8080-exec-8] INFO  com.example.util.DatabaseConnection - Establishing database connection...
2025-01-07 15:37:50 [http-nio-8080-exec-8] INFO  com.example.util.DatabaseConnection - Database connection established successfully.
2025-01-07 15:37:50 [http-nio-8080-exec-8] INFO  com.example.util.DatabaseConnection - Establishing database connection...
2025-01-07 15:37:50 [http-nio-8080-exec-8] INFO  com.example.util.DatabaseConnection - Database connection established successfully.
2025-01-07 15:37:50 [http-nio-8080-exec-8] INFO  com.example.util.DatabaseConnection - Establishing database connection...
2025-01-07 15:37:50 [http-nio-8080-exec-8] INFO  com.example.util.DatabaseConnection - Database connection established successfully.
2025-01-07 15:39:02 [http-nio-8080-exec-10] INFO  com.example.filter.RateLimitingFilter - Request allowed for IP: 127.0.0.1
2025-01-07 15:39:03 [http-nio-8080-exec-1] INFO  com.example.filter.RateLimitingFilter - Request allowed for IP: 127.0.0.1
2025-01-07 15:39:03 [http-nio-8080-exec-1] INFO  com.example.controller.ChartDataServlet - Handling POST request for chart data.
2025-01-07 15:39:03 [http-nio-8080-exec-1] INFO  com.example.util.DatabaseConnection - Establishing database connection...
2025-01-07 15:39:03 [http-nio-8080-exec-1] INFO  com.example.util.DatabaseConnection - Database connection established successfully.
2025-01-07 15:39:03 [http-nio-8080-exec-1] INFO  com.example.util.DatabaseConnection - Establishing database connection...
2025-01-07 15:39:03 [http-nio-8080-exec-1] INFO  com.example.util.DatabaseConnection - Database connection established successfully.
2025-01-07 15:39:03 [http-nio-8080-exec-1] INFO  com.example.util.DatabaseConnection - Establishing database connection...
2025-01-07 15:39:03 [http-nio-8080-exec-1] INFO  com.example.util.DatabaseConnection - Database connection established successfully.
2025-01-07 15:43:59 [http-nio-8080-exec-3] INFO  com.example.filter.RateLimitingFilter - Request allowed for IP: 127.0.0.1
2025-01-07 15:43:59 [http-nio-8080-exec-4] INFO  com.example.filter.RateLimitingFilter - Request allowed for IP: 127.0.0.1
2025-01-07 15:43:59 [http-nio-8080-exec-4] INFO  com.example.controller.ChartDataServlet - Handling POST request for chart data.
2025-01-07 15:43:59 [http-nio-8080-exec-4] INFO  com.example.util.DatabaseConnection - Establishing database connection...
2025-01-07 15:43:59 [http-nio-8080-exec-4] INFO  com.example.util.DatabaseConnection - Database connection established successfully.
2025-01-07 15:43:59 [http-nio-8080-exec-4] INFO  com.example.util.DatabaseConnection - Establishing database connection...
2025-01-07 15:43:59 [http-nio-8080-exec-4] INFO  com.example.util.DatabaseConnection - Database connection established successfully.
2025-01-07 15:43:59 [http-nio-8080-exec-4] INFO  com.example.util.DatabaseConnection - Establishing database connection...
2025-01-07 15:43:59 [http-nio-8080-exec-4] INFO  com.example.util.DatabaseConnection - Database connection established successfully.
2025-01-07 15:44:13 [http-nio-8080-exec-5] INFO  com.example.filter.RateLimitingFilter - Request allowed for IP: 127.0.0.1
2025-01-07 15:44:13 [http-nio-8080-exec-5] INFO  com.example.controller.ChartDataServlet - Handling POST request for chart data.
2025-01-07 15:44:13 [http-nio-8080-exec-5] INFO  com.example.util.DatabaseConnection - Establishing database connection...
2025-01-07 15:44:13 [http-nio-8080-exec-5] INFO  com.example.util.DatabaseConnection - Database connection established successfully.
2025-01-07 15:44:13 [http-nio-8080-exec-5] INFO  com.example.util.DatabaseConnection - Establishing database connection...
2025-01-07 15:44:13 [http-nio-8080-exec-5] INFO  com.example.util.DatabaseConnection - Database connection established successfully.
2025-01-07 15:44:13 [http-nio-8080-exec-5] INFO  com.example.util.DatabaseConnection - Establishing database connection...
2025-01-07 15:44:13 [http-nio-8080-exec-5] INFO  com.example.util.DatabaseConnection - Database connection established successfully.
2025-01-07 15:45:16 [http-nio-8080-exec-7] INFO  com.example.filter.RateLimitingFilter - Request allowed for IP: 127.0.0.1
2025-01-07 15:45:16 [http-nio-8080-exec-7] INFO  com.example.controller.ChartDataServlet - Handling POST request for chart data.
2025-01-07 15:45:16 [http-nio-8080-exec-7] INFO  com.example.util.DatabaseConnection - Establishing database connection...
2025-01-07 15:45:16 [http-nio-8080-exec-7] INFO  com.example.util.DatabaseConnection - Database connection established successfully.
2025-01-07 15:45:16 [http-nio-8080-exec-7] INFO  com.example.util.DatabaseConnection - Establishing database connection...
2025-01-07 15:45:16 [http-nio-8080-exec-7] INFO  com.example.util.DatabaseConnection - Database connection established successfully.
2025-01-07 15:45:16 [http-nio-8080-exec-7] INFO  com.example.util.DatabaseConnection - Establishing database connection...
2025-01-07 15:45:16 [http-nio-8080-exec-7] INFO  com.example.util.DatabaseConnection - Database connection established successfully.
2025-01-07 15:45:18 [http-nio-8080-exec-8] INFO  com.example.filter.RateLimitingFilter - Request allowed for IP: 127.0.0.1
2025-01-07 15:45:18 [http-nio-8080-exec-8] INFO  com.example.controller.ChartDataServlet - Handling POST request for chart data.
2025-01-07 15:45:18 [http-nio-8080-exec-8] INFO  com.example.util.DatabaseConnection - Establishing database connection...
2025-01-07 15:45:18 [http-nio-8080-exec-8] INFO  com.example.util.DatabaseConnection - Database connection established successfully.
2025-01-07 15:45:18 [http-nio-8080-exec-8] INFO  com.example.util.DatabaseConnection - Establishing database connection...
2025-01-07 15:45:18 [http-nio-8080-exec-8] INFO  com.example.util.DatabaseConnection - Database connection established successfully.
2025-01-07 15:45:18 [http-nio-8080-exec-8] INFO  com.example.util.DatabaseConnection - Establishing database connection...
2025-01-07 15:45:18 [http-nio-8080-exec-8] INFO  com.example.util.DatabaseConnection - Database connection established successfully.
2025-01-07 15:45:20 [http-nio-8080-exec-9] INFO  com.example.filter.RateLimitingFilter - Request allowed for IP: 127.0.0.1
2025-01-07 15:45:20 [http-nio-8080-exec-9] INFO  com.example.controller.ChartDataServlet - Handling POST request for chart data.
2025-01-07 15:45:20 [http-nio-8080-exec-9] INFO  com.example.util.DatabaseConnection - Establishing database connection...
2025-01-07 15:45:20 [http-nio-8080-exec-9] INFO  com.example.util.DatabaseConnection - Database connection established successfully.
2025-01-07 15:45:20 [http-nio-8080-exec-9] INFO  com.example.util.DatabaseConnection - Establishing database connection...
2025-01-07 15:45:20 [http-nio-8080-exec-9] INFO  com.example.util.DatabaseConnection - Database connection established successfully.
2025-01-07 15:45:20 [http-nio-8080-exec-9] INFO  com.example.util.DatabaseConnection - Establishing database connection...
2025-01-07 15:45:20 [http-nio-8080-exec-9] INFO  com.example.util.DatabaseConnection - Database connection established successfully.
2025-01-07 15:45:22 [http-nio-8080-exec-10] INFO  com.example.filter.RateLimitingFilter - Request allowed for IP: 127.0.0.1
2025-01-07 15:45:22 [http-nio-8080-exec-10] INFO  com.example.controller.ChartDataServlet - Handling POST request for chart data.
2025-01-07 15:45:22 [http-nio-8080-exec-10] INFO  com.example.util.DatabaseConnection - Establishing database connection...
2025-01-07 15:45:22 [http-nio-8080-exec-10] INFO  com.example.util.DatabaseConnection - Database connection established successfully.
2025-01-07 15:45:22 [http-nio-8080-exec-10] INFO  com.example.util.DatabaseConnection - Establishing database connection...
2025-01-07 15:45:22 [http-nio-8080-exec-10] INFO  com.example.util.DatabaseConnection - Database connection established successfully.
2025-01-07 15:45:22 [http-nio-8080-exec-10] INFO  com.example.util.DatabaseConnection - Establishing database connection...
2025-01-07 15:45:22 [http-nio-8080-exec-10] INFO  com.example.util.DatabaseConnection - Database connection established successfully.
2025-01-07 15:45:33 [http-nio-8080-exec-1] INFO  com.example.filter.RateLimitingFilter - Request allowed for IP: 127.0.0.1
2025-01-07 15:45:33 [http-nio-8080-exec-1] INFO  com.example.controller.ChartDataServlet - Handling POST request for chart data.
2025-01-07 15:45:33 [http-nio-8080-exec-1] INFO  com.example.util.DatabaseConnection - Establishing database connection...
2025-01-07 15:45:33 [http-nio-8080-exec-1] INFO  com.example.util.DatabaseConnection - Database connection established successfully.
2025-01-07 15:45:33 [http-nio-8080-exec-1] INFO  com.example.util.DatabaseConnection - Establishing database connection...
2025-01-07 15:45:33 [http-nio-8080-exec-1] INFO  com.example.util.DatabaseConnection - Database connection established successfully.
2025-01-07 15:45:33 [http-nio-8080-exec-1] INFO  com.example.util.DatabaseConnection - Establishing database connection...
2025-01-07 15:45:33 [http-nio-8080-exec-1] INFO  com.example.util.DatabaseConnection - Database connection established successfully.
2025-01-07 15:48:09 [http-nio-8080-exec-3] INFO  com.example.filter.RateLimitingFilter - Request allowed for IP: 127.0.0.1
2025-01-07 15:48:09 [http-nio-8080-exec-4] INFO  com.example.filter.RateLimitingFilter - Request allowed for IP: 127.0.0.1
2025-01-07 15:48:09 [http-nio-8080-exec-4] INFO  com.example.controller.ChartDataServlet - Handling POST request for chart data.
2025-01-07 15:48:09 [http-nio-8080-exec-4] INFO  com.example.util.DatabaseConnection - Establishing database connection...
2025-01-07 15:48:09 [http-nio-8080-exec-4] INFO  com.example.util.DatabaseConnection - Database connection established successfully.
2025-01-07 15:48:09 [http-nio-8080-exec-4] INFO  com.example.util.DatabaseConnection - Establishing database connection...
2025-01-07 15:48:09 [http-nio-8080-exec-4] INFO  com.example.util.DatabaseConnection - Database connection established successfully.
2025-01-07 15:48:09 [http-nio-8080-exec-4] INFO  com.example.util.DatabaseConnection - Establishing database connection...
2025-01-07 15:48:09 [http-nio-8080-exec-4] INFO  com.example.util.DatabaseConnection - Database connection established successfully.
2025-01-07 15:48:24 [http-nio-8080-exec-5] INFO  com.example.filter.RateLimitingFilter - Request allowed for IP: 127.0.0.1
2025-01-07 15:48:24 [http-nio-8080-exec-6] INFO  com.example.filter.RateLimitingFilter - Request allowed for IP: 127.0.0.1
2025-01-07 15:48:24 [http-nio-8080-exec-6] INFO  com.example.controller.ChartDataServlet - Handling POST request for chart data.
2025-01-07 15:48:24 [http-nio-8080-exec-6] INFO  com.example.util.DatabaseConnection - Establishing database connection...
2025-01-07 15:48:24 [http-nio-8080-exec-6] INFO  com.example.util.DatabaseConnection - Database connection established successfully.
2025-01-07 15:48:24 [http-nio-8080-exec-6] INFO  com.example.util.DatabaseConnection - Establishing database connection...
2025-01-07 15:48:24 [http-nio-8080-exec-6] INFO  com.example.util.DatabaseConnection - Database connection established successfully.
2025-01-07 15:48:24 [http-nio-8080-exec-6] INFO  com.example.util.DatabaseConnection - Establishing database connection...
2025-01-07 15:48:24 [http-nio-8080-exec-6] INFO  com.example.util.DatabaseConnection - Database connection established successfully.
2025-01-07 15:48:48 [http-nio-8080-exec-8] INFO  com.example.filter.RateLimitingFilter - Request allowed for IP: 127.0.0.1
2025-01-07 15:48:49 [http-nio-8080-exec-9] INFO  com.example.filter.RateLimitingFilter - Request allowed for IP: 127.0.0.1
2025-01-07 15:48:49 [http-nio-8080-exec-9] INFO  com.example.controller.ChartDataServlet - Handling POST request for chart data.
2025-01-07 15:48:49 [http-nio-8080-exec-9] INFO  com.example.util.DatabaseConnection - Establishing database connection...
2025-01-07 15:48:49 [http-nio-8080-exec-9] INFO  com.example.util.DatabaseConnection - Database connection established successfully.
2025-01-07 15:48:49 [http-nio-8080-exec-9] INFO  com.example.util.DatabaseConnection - Establishing database connection...
2025-01-07 15:48:49 [http-nio-8080-exec-9] INFO  com.example.util.DatabaseConnection - Database connection established successfully.
2025-01-07 15:48:49 [http-nio-8080-exec-9] INFO  com.example.util.DatabaseConnection - Establishing database connection...
2025-01-07 15:48:49 [http-nio-8080-exec-9] INFO  com.example.util.DatabaseConnection - Database connection established successfully.
2025-01-07 15:56:55 [http-nio-8080-exec-1] INFO  com.example.filter.RateLimitingFilter - Request allowed for IP: 127.0.0.1
2025-01-07 15:56:55 [http-nio-8080-exec-2] INFO  com.example.filter.RateLimitingFilter - Request allowed for IP: 127.0.0.1
2025-01-07 15:56:55 [http-nio-8080-exec-2] INFO  com.example.controller.ChartDataServlet - Handling POST request for chart data.
2025-01-07 15:56:55 [http-nio-8080-exec-2] INFO  com.example.util.DatabaseConnection - Establishing database connection...
2025-01-07 15:56:55 [http-nio-8080-exec-2] INFO  com.example.util.DatabaseConnection - Database connection established successfully.
2025-01-07 15:56:55 [http-nio-8080-exec-2] INFO  com.example.util.DatabaseConnection - Establishing database connection...
2025-01-07 15:56:55 [http-nio-8080-exec-2] INFO  com.example.util.DatabaseConnection - Database connection established successfully.
2025-01-07 15:56:55 [http-nio-8080-exec-2] INFO  com.example.util.DatabaseConnection - Establishing database connection...
2025-01-07 15:56:55 [http-nio-8080-exec-2] INFO  com.example.util.DatabaseConnection - Database connection established successfully.
2025-01-07 15:58:31 [http-nio-8080-exec-2] INFO  com.example.filter.RateLimitingFilter - Request allowed for IP: 127.0.0.1
2025-01-07 15:58:31 [http-nio-8080-exec-3] INFO  com.example.controller.ChartDataServlet - Initializing ChartDataServlet...
2025-01-07 15:58:31 [http-nio-8080-exec-3] INFO  com.example.util.DatabaseConnection - Successfully loaded dbconfig.properties
2025-01-07 15:58:31 [http-nio-8080-exec-3] INFO  com.example.util.DatabaseConnection - Successfully initialized JNDI DataSource
2025-01-07 15:58:31 [http-nio-8080-exec-3] INFO  com.example.util.DatabaseConnection - Establishing database connection...
2025-01-07 15:58:31 [http-nio-8080-exec-3] INFO  com.example.util.DatabaseConnection - Database connection established successfully.
2025-01-07 15:58:31 [http-nio-8080-exec-3] INFO  com.example.controller.ChartDataServlet - Executed table creation query: create table if not exists `admin` (`admin_id` int not null auto_increment, `username` varchar(50) not null, `password` varchar(255) not null, `email` VARCHAR(100) default null, `created_at` timestamp null default current_timestamp, primary key (`admin_id`), unique key `username` (`username`), unique key `email` (`email`));
2025-01-07 15:58:31 [http-nio-8080-exec-3] INFO  com.example.controller.ChartDataServlet - Executed table creation query: create table if not exists `upload_metadata` (`upload_id` int not null auto_increment, `admin_id` int default null, `upload_date` timestamp null default current_timestamp, `file_name` varchar(255) default null, `records_inserted` int default null, `records_updated` int default null, `records_discarded` int default null, `status` varchar(50) default 'PENDING', primary key (`upload_id`), key `admin_id` (`admin_id`), constraint `upload_metadata_ibfk_1` foreign key (`admin_id`) references `admin` (`admin_id`));
2025-01-07 15:58:31 [http-nio-8080-exec-3] INFO  com.example.controller.ChartDataServlet - Executed table creation query: create table if not exists `usage_table` (`id` int not null auto_increment, `user_id` varchar(20) default null, `usage_value` int default null, `epoch` bigint default null, primary key (`id`));
2025-01-07 15:58:31 [http-nio-8080-exec-3] INFO  com.example.filter.RateLimitingFilter - Request allowed for IP: 127.0.0.1
2025-01-07 15:58:31 [http-nio-8080-exec-3] INFO  com.example.controller.ChartDataServlet - Handling POST request for chart data.
2025-01-07 15:58:31 [http-nio-8080-exec-3] INFO  com.example.util.DatabaseConnection - Establishing database connection...
2025-01-07 15:58:31 [http-nio-8080-exec-3] INFO  com.example.util.DatabaseConnection - Database connection established successfully.
2025-01-07 15:58:31 [http-nio-8080-exec-3] INFO  com.example.util.DatabaseConnection - Establishing database connection...
2025-01-07 15:58:31 [http-nio-8080-exec-3] INFO  com.example.util.DatabaseConnection - Database connection established successfully.
2025-01-07 15:58:31 [http-nio-8080-exec-3] INFO  com.example.util.DatabaseConnection - Establishing database connection...
2025-01-07 15:58:31 [http-nio-8080-exec-3] INFO  com.example.util.DatabaseConnection - Database connection established successfully.
2025-01-07 15:59:11 [http-nio-8080-exec-6] INFO  com.example.filter.RateLimitingFilter - Request allowed for IP: 127.0.0.1
2025-01-07 15:59:34 [http-nio-8080-exec-8] INFO  com.example.filter.RateLimitingFilter - Request allowed for IP: 127.0.0.1
2025-01-07 15:59:36 [http-nio-8080-exec-9] INFO  com.example.filter.RateLimitingFilter - Request allowed for IP: 127.0.0.1
2025-01-07 15:59:57 [http-nio-8080-exec-1] INFO  com.example.filter.RateLimitingFilter - Request allowed for IP: 127.0.0.1
2025-01-07 16:00:09 [http-nio-8080-exec-2] INFO  com.example.filter.RateLimitingFilter - Request allowed for IP: 127.0.0.1
2025-01-07 16:00:34 [http-nio-8080-exec-3] INFO  com.example.filter.RateLimitingFilter - Request allowed for IP: 127.0.0.1
2025-01-07 16:00:49 [http-nio-8080-exec-4] INFO  com.example.filter.RateLimitingFilter - Request allowed for IP: 127.0.0.1
2025-01-07 16:01:00 [http-nio-8080-exec-2] INFO  com.example.filter.RateLimitingFilter - Request allowed for IP: 127.0.0.1
2025-01-07 16:01:32 [http-nio-8080-exec-2] INFO  com.example.filter.RateLimitingFilter - Request allowed for IP: 127.0.0.1
2025-01-07 16:01:33 [http-nio-8080-exec-3] INFO  com.example.controller.ChartDataServlet - Initializing ChartDataServlet...
2025-01-07 16:01:33 [http-nio-8080-exec-3] INFO  com.example.util.DatabaseConnection - Successfully loaded dbconfig.properties
2025-01-07 16:01:33 [http-nio-8080-exec-3] INFO  com.example.util.DatabaseConnection - Successfully initialized JNDI DataSource
2025-01-07 16:01:33 [http-nio-8080-exec-3] INFO  com.example.util.DatabaseConnection - Establishing database connection...
2025-01-07 16:01:33 [http-nio-8080-exec-3] INFO  com.example.util.DatabaseConnection - Database connection established successfully.
2025-01-07 16:01:33 [http-nio-8080-exec-3] INFO  com.example.controller.ChartDataServlet - Executed table creation query: create table if not exists `admin` (`admin_id` int not null auto_increment, `username` varchar(50) not null, `password` varchar(255) not null, `email` VARCHAR(100) default null, `created_at` timestamp null default current_timestamp, primary key (`admin_id`), unique key `username` (`username`), unique key `email` (`email`));
2025-01-07 16:01:33 [http-nio-8080-exec-3] INFO  com.example.controller.ChartDataServlet - Executed table creation query: create table if not exists `upload_metadata` (`upload_id` int not null auto_increment, `admin_id` int default null, `upload_date` timestamp null default current_timestamp, `file_name` varchar(255) default null, `records_inserted` int default null, `records_updated` int default null, `records_discarded` int default null, `status` varchar(50) default 'PENDING', primary key (`upload_id`), key `admin_id` (`admin_id`), constraint `upload_metadata_ibfk_1` foreign key (`admin_id`) references `admin` (`admin_id`));
2025-01-07 16:01:33 [http-nio-8080-exec-3] INFO  com.example.controller.ChartDataServlet - Executed table creation query: create table if not exists `usage_table` (`id` int not null auto_increment, `user_id` varchar(20) default null, `usage_value` int default null, `epoch` bigint default null, primary key (`id`));
2025-01-07 16:01:33 [http-nio-8080-exec-3] INFO  com.example.filter.RateLimitingFilter - Request allowed for IP: 127.0.0.1
2025-01-07 16:01:33 [http-nio-8080-exec-3] INFO  com.example.controller.ChartDataServlet - Handling POST request for chart data.
2025-01-07 16:01:33 [http-nio-8080-exec-3] INFO  com.example.util.DatabaseConnection - Establishing database connection...
2025-01-07 16:01:33 [http-nio-8080-exec-3] INFO  com.example.util.DatabaseConnection - Database connection established successfully.
2025-01-07 16:01:33 [http-nio-8080-exec-3] INFO  com.example.util.DatabaseConnection - Establishing database connection...
2025-01-07 16:01:33 [http-nio-8080-exec-3] INFO  com.example.util.DatabaseConnection - Database connection established successfully.
2025-01-07 16:01:33 [http-nio-8080-exec-3] INFO  com.example.util.DatabaseConnection - Establishing database connection...
2025-01-07 16:01:33 [http-nio-8080-exec-3] INFO  com.example.util.DatabaseConnection - Database connection established successfully.
2025-01-07 16:01:46 [http-nio-8080-exec-5] INFO  com.example.filter.RateLimitingFilter - Request allowed for IP: 127.0.0.1
2025-01-07 16:01:46 [http-nio-8080-exec-7] INFO  com.example.filter.RateLimitingFilter - Request allowed for IP: 127.0.0.1
2025-01-07 16:01:46 [http-nio-8080-exec-7] INFO  com.example.controller.ChartDataServlet - Handling POST request for chart data.
2025-01-07 16:01:46 [http-nio-8080-exec-7] INFO  com.example.util.DatabaseConnection - Establishing database connection...
2025-01-07 16:01:46 [http-nio-8080-exec-7] INFO  com.example.util.DatabaseConnection - Database connection established successfully.
2025-01-07 16:01:46 [http-nio-8080-exec-7] INFO  com.example.util.DatabaseConnection - Establishing database connection...
2025-01-07 16:01:46 [http-nio-8080-exec-7] INFO  com.example.util.DatabaseConnection - Database connection established successfully.
2025-01-07 16:01:46 [http-nio-8080-exec-7] INFO  com.example.util.DatabaseConnection - Establishing database connection...
2025-01-07 16:01:46 [http-nio-8080-exec-7] INFO  com.example.util.DatabaseConnection - Database connection established successfully.
2025-01-07 16:02:12 [http-nio-8080-exec-8] INFO  com.example.filter.RateLimitingFilter - Request allowed for IP: 127.0.0.1
2025-01-07 16:02:12 [http-nio-8080-exec-9] INFO  com.example.filter.RateLimitingFilter - Request allowed for IP: 127.0.0.1
2025-01-07 16:02:12 [http-nio-8080-exec-9] INFO  com.example.controller.ChartDataServlet - Handling POST request for chart data.
2025-01-07 16:02:12 [http-nio-8080-exec-9] INFO  com.example.util.DatabaseConnection - Establishing database connection...
2025-01-07 16:02:12 [http-nio-8080-exec-9] INFO  com.example.util.DatabaseConnection - Database connection established successfully.
2025-01-07 16:02:12 [http-nio-8080-exec-9] INFO  com.example.util.DatabaseConnection - Establishing database connection...
2025-01-07 16:02:12 [http-nio-8080-exec-9] INFO  com.example.util.DatabaseConnection - Database connection established successfully.
2025-01-07 16:02:12 [http-nio-8080-exec-9] INFO  com.example.util.DatabaseConnection - Establishing database connection...
2025-01-07 16:02:12 [http-nio-8080-exec-9] INFO  com.example.util.DatabaseConnection - Database connection established successfully.
2025-01-07 16:03:30 [http-nio-8080-exec-1] INFO  com.example.filter.RateLimitingFilter - Request allowed for IP: 127.0.0.1
2025-01-07 16:03:30 [http-nio-8080-exec-1] INFO  com.example.controller.ChartDataServlet - Handling POST request for chart data.
2025-01-07 16:03:30 [http-nio-8080-exec-1] INFO  com.example.util.DatabaseConnection - Establishing database connection...
2025-01-07 16:03:30 [http-nio-8080-exec-1] INFO  com.example.util.DatabaseConnection - Database connection established successfully.
2025-01-07 16:03:30 [http-nio-8080-exec-1] INFO  com.example.util.DatabaseConnection - Establishing database connection...
2025-01-07 16:03:30 [http-nio-8080-exec-1] INFO  com.example.util.DatabaseConnection - Database connection established successfully.
2025-01-07 16:03:30 [http-nio-8080-exec-1] INFO  com.example.util.DatabaseConnection - Establishing database connection...
2025-01-07 16:03:30 [http-nio-8080-exec-1] INFO  com.example.util.DatabaseConnection - Database connection established successfully.
2025-01-07 16:03:32 [http-nio-8080-exec-2] INFO  com.example.filter.RateLimitingFilter - Request allowed for IP: 127.0.0.1
2025-01-07 16:03:32 [http-nio-8080-exec-2] INFO  com.example.controller.ChartDataServlet - Handling POST request for chart data.
2025-01-07 16:03:32 [http-nio-8080-exec-2] INFO  com.example.util.DatabaseConnection - Establishing database connection...
2025-01-07 16:03:32 [http-nio-8080-exec-2] INFO  com.example.util.DatabaseConnection - Database connection established successfully.
2025-01-07 16:03:32 [http-nio-8080-exec-2] INFO  com.example.util.DatabaseConnection - Establishing database connection...
2025-01-07 16:03:32 [http-nio-8080-exec-2] INFO  com.example.util.DatabaseConnection - Database connection established successfully.
2025-01-07 16:03:32 [http-nio-8080-exec-2] INFO  com.example.util.DatabaseConnection - Establishing database connection...
2025-01-07 16:03:32 [http-nio-8080-exec-2] INFO  com.example.util.DatabaseConnection - Database connection established successfully.
2025-01-07 16:03:35 [http-nio-8080-exec-3] INFO  com.example.filter.RateLimitingFilter - Request allowed for IP: 127.0.0.1
2025-01-07 16:03:35 [http-nio-8080-exec-3] INFO  com.example.controller.ChartDataServlet - Handling POST request for chart data.
2025-01-07 16:03:35 [http-nio-8080-exec-3] INFO  com.example.util.DatabaseConnection - Establishing database connection...
2025-01-07 16:03:35 [http-nio-8080-exec-3] INFO  com.example.util.DatabaseConnection - Database connection established successfully.
2025-01-07 16:03:35 [http-nio-8080-exec-3] INFO  com.example.util.DatabaseConnection - Establishing database connection...
2025-01-07 16:03:35 [http-nio-8080-exec-3] INFO  com.example.util.DatabaseConnection - Database connection established successfully.
2025-01-07 16:03:35 [http-nio-8080-exec-3] INFO  com.example.util.DatabaseConnection - Establishing database connection...
2025-01-07 16:03:35 [http-nio-8080-exec-3] INFO  com.example.util.DatabaseConnection - Database connection established successfully.
2025-01-07 16:03:36 [http-nio-8080-exec-4] INFO  com.example.filter.RateLimitingFilter - Request allowed for IP: 127.0.0.1
2025-01-07 16:03:36 [http-nio-8080-exec-4] INFO  com.example.controller.ChartDataServlet - Handling POST request for chart data.
2025-01-07 16:03:36 [http-nio-8080-exec-4] INFO  com.example.util.DatabaseConnection - Establishing database connection...
2025-01-07 16:03:36 [http-nio-8080-exec-4] INFO  com.example.util.DatabaseConnection - Database connection established successfully.
2025-01-07 16:03:36 [http-nio-8080-exec-4] INFO  com.example.util.DatabaseConnection - Establishing database connection...
2025-01-07 16:03:36 [http-nio-8080-exec-4] INFO  com.example.util.DatabaseConnection - Database connection established successfully.
2025-01-07 16:03:36 [http-nio-8080-exec-4] INFO  com.example.util.DatabaseConnection - Establishing database connection...
2025-01-07 16:03:36 [http-nio-8080-exec-4] INFO  com.example.util.DatabaseConnection - Database connection established successfully.
2025-01-07 16:03:40 [http-nio-8080-exec-5] INFO  com.example.filter.RateLimitingFilter - Request allowed for IP: 127.0.0.1
2025-01-07 16:03:40 [http-nio-8080-exec-5] INFO  com.example.controller.ChartDataServlet - Handling POST request for chart data.
2025-01-07 16:03:40 [http-nio-8080-exec-5] INFO  com.example.util.DatabaseConnection - Establishing database connection...
2025-01-07 16:03:40 [http-nio-8080-exec-5] INFO  com.example.util.DatabaseConnection - Database connection established successfully.
2025-01-07 16:03:40 [http-nio-8080-exec-5] INFO  com.example.util.DatabaseConnection - Establishing database connection...
2025-01-07 16:03:40 [http-nio-8080-exec-5] INFO  com.example.util.DatabaseConnection - Database connection established successfully.
2025-01-07 16:03:40 [http-nio-8080-exec-5] INFO  com.example.util.DatabaseConnection - Establishing database connection...
2025-01-07 16:03:40 [http-nio-8080-exec-5] INFO  com.example.util.DatabaseConnection - Database connection established successfully.
2025-01-07 16:03:42 [http-nio-8080-exec-7] INFO  com.example.filter.RateLimitingFilter - Request allowed for IP: 127.0.0.1
2025-01-07 16:03:42 [http-nio-8080-exec-7] INFO  com.example.controller.ChartDataServlet - Handling POST request for chart data.
2025-01-07 16:03:42 [http-nio-8080-exec-7] INFO  com.example.util.DatabaseConnection - Establishing database connection...
2025-01-07 16:03:42 [http-nio-8080-exec-7] INFO  com.example.util.DatabaseConnection - Database connection established successfully.
2025-01-07 16:03:42 [http-nio-8080-exec-7] INFO  com.example.util.DatabaseConnection - Establishing database connection...
2025-01-07 16:03:42 [http-nio-8080-exec-7] INFO  com.example.util.DatabaseConnection - Database connection established successfully.
2025-01-07 16:03:42 [http-nio-8080-exec-7] INFO  com.example.util.DatabaseConnection - Establishing database connection...
2025-01-07 16:03:42 [http-nio-8080-exec-7] INFO  com.example.util.DatabaseConnection - Database connection established successfully.
2025-01-07 16:03:51 [http-nio-8080-exec-6] INFO  com.example.filter.RateLimitingFilter - Request allowed for IP: 127.0.0.1
2025-01-07 16:03:51 [http-nio-8080-exec-8] INFO  com.example.filter.RateLimitingFilter - Request allowed for IP: 127.0.0.1
2025-01-07 16:03:51 [http-nio-8080-exec-8] INFO  com.example.controller.ChartDataServlet - Handling POST request for chart data.
2025-01-07 16:03:51 [http-nio-8080-exec-8] INFO  com.example.util.DatabaseConnection - Establishing database connection...
2025-01-07 16:03:51 [http-nio-8080-exec-8] INFO  com.example.util.DatabaseConnection - Database connection established successfully.
2025-01-07 16:03:51 [http-nio-8080-exec-8] INFO  com.example.util.DatabaseConnection - Establishing database connection...
2025-01-07 16:03:51 [http-nio-8080-exec-8] INFO  com.example.util.DatabaseConnection - Database connection established successfully.
2025-01-07 16:03:51 [http-nio-8080-exec-8] INFO  com.example.util.DatabaseConnection - Establishing database connection...
2025-01-07 16:03:51 [http-nio-8080-exec-8] INFO  com.example.util.DatabaseConnection - Database connection established successfully.
2025-01-07 16:04:21 [http-nio-8080-exec-2] INFO  com.example.filter.RateLimitingFilter - Request allowed for IP: 127.0.0.1
2025-01-07 16:04:22 [http-nio-8080-exec-3] INFO  com.example.controller.ChartDataServlet - Initializing ChartDataServlet...
2025-01-07 16:04:22 [http-nio-8080-exec-3] INFO  com.example.util.DatabaseConnection - Successfully loaded dbconfig.properties
2025-01-07 16:04:22 [http-nio-8080-exec-3] INFO  com.example.util.DatabaseConnection - Successfully initialized JNDI DataSource
2025-01-07 16:04:22 [http-nio-8080-exec-3] INFO  com.example.util.DatabaseConnection - Establishing database connection...
2025-01-07 16:04:22 [http-nio-8080-exec-3] INFO  com.example.util.DatabaseConnection - Database connection established successfully.
2025-01-07 16:04:22 [http-nio-8080-exec-3] INFO  com.example.controller.ChartDataServlet - Executed table creation query: create table if not exists `admin` (`admin_id` int not null auto_increment, `username` varchar(50) not null, `password` varchar(255) not null, `email` VARCHAR(100) default null, `created_at` timestamp null default current_timestamp, primary key (`admin_id`), unique key `username` (`username`), unique key `email` (`email`));
2025-01-07 16:04:22 [http-nio-8080-exec-3] INFO  com.example.controller.ChartDataServlet - Executed table creation query: create table if not exists `upload_metadata` (`upload_id` int not null auto_increment, `admin_id` int default null, `upload_date` timestamp null default current_timestamp, `file_name` varchar(255) default null, `records_inserted` int default null, `records_updated` int default null, `records_discarded` int default null, `status` varchar(50) default 'PENDING', primary key (`upload_id`), key `admin_id` (`admin_id`), constraint `upload_metadata_ibfk_1` foreign key (`admin_id`) references `admin` (`admin_id`));
2025-01-07 16:04:22 [http-nio-8080-exec-3] INFO  com.example.controller.ChartDataServlet - Executed table creation query: create table if not exists `usage_table` (`id` int not null auto_increment, `user_id` varchar(20) default null, `usage_value` int default null, `epoch` bigint default null, primary key (`id`));
2025-01-07 16:04:22 [http-nio-8080-exec-3] INFO  com.example.filter.RateLimitingFilter - Request allowed for IP: 127.0.0.1
2025-01-07 16:04:22 [http-nio-8080-exec-3] INFO  com.example.controller.ChartDataServlet - Handling POST request for chart data.
2025-01-07 16:04:22 [http-nio-8080-exec-3] INFO  com.example.util.DatabaseConnection - Establishing database connection...
2025-01-07 16:04:22 [http-nio-8080-exec-3] INFO  com.example.util.DatabaseConnection - Database connection established successfully.
2025-01-07 16:04:22 [http-nio-8080-exec-3] INFO  com.example.util.DatabaseConnection - Establishing database connection...
2025-01-07 16:04:22 [http-nio-8080-exec-3] INFO  com.example.util.DatabaseConnection - Database connection established successfully.
2025-01-07 16:04:22 [http-nio-8080-exec-3] INFO  com.example.util.DatabaseConnection - Establishing database connection...
2025-01-07 16:04:22 [http-nio-8080-exec-3] INFO  com.example.util.DatabaseConnection - Database connection established successfully.
2025-01-07 16:04:26 [http-nio-8080-exec-4] INFO  com.example.filter.RateLimitingFilter - Request allowed for IP: 127.0.0.1
2025-01-07 16:04:26 [http-nio-8080-exec-4] INFO  com.example.controller.ChartDataServlet - Handling POST request for chart data.
2025-01-07 16:04:26 [http-nio-8080-exec-4] INFO  com.example.util.DatabaseConnection - Establishing database connection...
2025-01-07 16:04:26 [http-nio-8080-exec-4] INFO  com.example.util.DatabaseConnection - Database connection established successfully.
2025-01-07 16:04:26 [http-nio-8080-exec-4] INFO  com.example.util.DatabaseConnection - Establishing database connection...
2025-01-07 16:04:26 [http-nio-8080-exec-4] INFO  com.example.util.DatabaseConnection - Database connection established successfully.
2025-01-07 16:04:26 [http-nio-8080-exec-4] INFO  com.example.util.DatabaseConnection - Establishing database connection...
2025-01-07 16:04:26 [http-nio-8080-exec-4] INFO  com.example.util.DatabaseConnection - Database connection established successfully.
2025-01-07 16:04:35 [http-nio-8080-exec-5] INFO  com.example.filter.RateLimitingFilter - Request allowed for IP: 127.0.0.1
2025-01-07 16:04:41 [http-nio-8080-exec-7] INFO  com.example.util.DatabaseConnection - Establishing database connection...
2025-01-07 16:04:41 [http-nio-8080-exec-7] INFO  com.example.util.DatabaseConnection - Database connection established successfully.
2025-01-07 16:04:41 [http-nio-8080-exec-7] INFO  com.example.filter.RateLimitingFilter - Request allowed for IP: 127.0.0.1
2025-01-07 16:04:41 [http-nio-8080-exec-7] INFO  com.example.controller.LoginServlet - Login successful for user: admin
2025-01-07 16:04:41 [http-nio-8080-exec-9] INFO  com.example.controller.ChartDataServlet - Handling POST request for chart data.
2025-01-07 16:04:41 [http-nio-8080-exec-9] INFO  com.example.util.DatabaseConnection - Establishing database connection...
2025-01-07 16:04:41 [http-nio-8080-exec-9] INFO  com.example.util.DatabaseConnection - Database connection established successfully.
2025-01-07 16:04:41 [http-nio-8080-exec-9] INFO  com.example.util.DatabaseConnection - Establishing database connection...
2025-01-07 16:04:41 [http-nio-8080-exec-9] INFO  com.example.util.DatabaseConnection - Database connection established successfully.
2025-01-07 16:04:41 [http-nio-8080-exec-9] INFO  com.example.util.DatabaseConnection - Establishing database connection...
2025-01-07 16:04:41 [http-nio-8080-exec-9] INFO  com.example.util.DatabaseConnection - Database connection established successfully.
2025-01-07 16:04:54 [http-nio-8080-exec-1] INFO  com.example.util.DatabaseConnection - Establishing database connection...
2025-01-07 16:04:54 [http-nio-8080-exec-1] INFO  com.example.util.DatabaseConnection - Database connection established successfully.
2025-01-07 16:04:54 [http-nio-8080-exec-1] INFO  com.example.util.DatabaseConnection - Establishing database connection...
2025-01-07 16:04:54 [http-nio-8080-exec-1] INFO  com.example.util.DatabaseConnection - Database connection established successfully.
2025-01-07 16:04:54 [http-nio-8080-exec-1] INFO  com.example.controller.UploadServlet - Received upload request. Admin ID: 1
2025-01-07 16:04:54 [http-nio-8080-exec-1] INFO  com.example.controller.UploadServlet - File upload success for file: data1.csv
2025-01-07 16:04:54 [http-nio-8080-exec-3] INFO  com.example.controller.ChartDataServlet - Handling POST request for chart data.
2025-01-07 16:04:54 [http-nio-8080-exec-3] INFO  com.example.util.DatabaseConnection - Establishing database connection...
2025-01-07 16:04:54 [http-nio-8080-exec-3] INFO  com.example.util.DatabaseConnection - Database connection established successfully.
2025-01-07 16:04:54 [http-nio-8080-exec-3] INFO  com.example.util.DatabaseConnection - Establishing database connection...
2025-01-07 16:04:54 [http-nio-8080-exec-3] INFO  com.example.util.DatabaseConnection - Database connection established successfully.
2025-01-07 16:04:54 [http-nio-8080-exec-3] INFO  com.example.util.DatabaseConnection - Establishing database connection...
2025-01-07 16:04:54 [http-nio-8080-exec-3] INFO  com.example.util.DatabaseConnection - Database connection established successfully.
2025-01-07 16:05:02 [http-nio-8080-exec-4] INFO  com.example.controller.ChartDataServlet - Handling POST request for chart data.
2025-01-07 16:05:02 [http-nio-8080-exec-4] INFO  com.example.util.DatabaseConnection - Establishing database connection...
2025-01-07 16:05:02 [http-nio-8080-exec-4] INFO  com.example.util.DatabaseConnection - Database connection established successfully.
2025-01-07 16:05:02 [http-nio-8080-exec-4] INFO  com.example.util.DatabaseConnection - Establishing database connection...
2025-01-07 16:05:02 [http-nio-8080-exec-4] INFO  com.example.util.DatabaseConnection - Database connection established successfully.
2025-01-07 16:05:02 [http-nio-8080-exec-4] INFO  com.example.util.DatabaseConnection - Establishing database connection...
2025-01-07 16:05:02 [http-nio-8080-exec-4] INFO  com.example.util.DatabaseConnection - Database connection established successfully.
2025-01-07 16:05:07 [http-nio-8080-exec-5] INFO  com.example.controller.ChartDataServlet - Handling POST request for chart data.
2025-01-07 16:05:07 [http-nio-8080-exec-5] INFO  com.example.util.DatabaseConnection - Establishing database connection...
2025-01-07 16:05:07 [http-nio-8080-exec-5] INFO  com.example.util.DatabaseConnection - Database connection established successfully.
2025-01-07 16:05:07 [http-nio-8080-exec-5] INFO  com.example.util.DatabaseConnection - Establishing database connection...
2025-01-07 16:05:07 [http-nio-8080-exec-5] INFO  com.example.util.DatabaseConnection - Database connection established successfully.
2025-01-07 16:05:07 [http-nio-8080-exec-5] INFO  com.example.util.DatabaseConnection - Establishing database connection...
2025-01-07 16:05:07 [http-nio-8080-exec-5] INFO  com.example.util.DatabaseConnection - Database connection established successfully.
2025-01-07 16:05:44 [http-nio-8080-exec-8] INFO  com.example.controller.LogoutServlet - User is logging out. Invalidating session: EB7506900953CFAEB5B355F87B794344
2025-01-07 16:05:44 [http-nio-8080-exec-9] INFO  com.example.filter.RateLimitingFilter - Request allowed for IP: 127.0.0.1
2025-01-07 16:05:44 [http-nio-8080-exec-10] INFO  com.example.filter.RateLimitingFilter - Request allowed for IP: 127.0.0.1
2025-01-07 16:05:44 [http-nio-8080-exec-10] INFO  com.example.controller.ChartDataServlet - Handling POST request for chart data.
2025-01-07 16:05:44 [http-nio-8080-exec-10] INFO  com.example.util.DatabaseConnection - Establishing database connection...
2025-01-07 16:05:44 [http-nio-8080-exec-10] INFO  com.example.util.DatabaseConnection - Database connection established successfully.
2025-01-07 16:05:44 [http-nio-8080-exec-10] INFO  com.example.util.DatabaseConnection - Establishing database connection...
2025-01-07 16:05:44 [http-nio-8080-exec-10] INFO  com.example.util.DatabaseConnection - Database connection established successfully.
2025-01-07 16:05:44 [http-nio-8080-exec-10] INFO  com.example.util.DatabaseConnection - Establishing database connection...
2025-01-07 16:05:44 [http-nio-8080-exec-10] INFO  com.example.util.DatabaseConnection - Database connection established successfully.
2025-01-07 16:11:02 [http-nio-8080-exec-4] INFO  com.example.filter.RateLimitingFilter - Request allowed for IP: 127.0.0.1
2025-01-07 16:11:02 [http-nio-8080-exec-5] INFO  com.example.filter.RateLimitingFilter - Request allowed for IP: 127.0.0.1
2025-01-07 16:11:02 [http-nio-8080-exec-5] INFO  com.example.controller.ChartDataServlet - Handling POST request for chart data.
2025-01-07 16:11:02 [http-nio-8080-exec-5] INFO  com.example.util.DatabaseConnection - Establishing database connection...
2025-01-07 16:11:02 [http-nio-8080-exec-5] INFO  com.example.util.DatabaseConnection - Database connection established successfully.
2025-01-07 16:11:02 [http-nio-8080-exec-5] INFO  com.example.util.DatabaseConnection - Establishing database connection...
2025-01-07 16:11:02 [http-nio-8080-exec-5] INFO  com.example.util.DatabaseConnection - Database connection established successfully.
2025-01-07 16:11:02 [http-nio-8080-exec-5] INFO  com.example.util.DatabaseConnection - Establishing database connection...
2025-01-07 16:11:02 [http-nio-8080-exec-5] INFO  com.example.util.DatabaseConnection - Database connection established successfully.
2025-01-07 16:11:49 [http-nio-8080-exec-7] INFO  com.example.filter.RateLimitingFilter - Request allowed for IP: 127.0.0.1
2025-01-07 16:11:49 [http-nio-8080-exec-8] INFO  com.example.filter.RateLimitingFilter - Request allowed for IP: 127.0.0.1
2025-01-07 16:11:49 [http-nio-8080-exec-8] INFO  com.example.controller.ChartDataServlet - Handling POST request for chart data.
2025-01-07 16:11:49 [http-nio-8080-exec-8] INFO  com.example.util.DatabaseConnection - Establishing database connection...
2025-01-07 16:11:49 [http-nio-8080-exec-8] INFO  com.example.util.DatabaseConnection - Database connection established successfully.
2025-01-07 16:11:49 [http-nio-8080-exec-8] INFO  com.example.util.DatabaseConnection - Establishing database connection...
2025-01-07 16:11:49 [http-nio-8080-exec-8] INFO  com.example.util.DatabaseConnection - Database connection established successfully.
2025-01-07 16:11:49 [http-nio-8080-exec-8] INFO  com.example.util.DatabaseConnection - Establishing database connection...
2025-01-07 16:11:49 [http-nio-8080-exec-8] INFO  com.example.util.DatabaseConnection - Database connection established successfully.
2025-01-07 16:15:07 [http-nio-8080-exec-10] INFO  com.example.filter.RateLimitingFilter - Request allowed for IP: 127.0.0.1
2025-01-07 16:15:07 [http-nio-8080-exec-1] INFO  com.example.filter.RateLimitingFilter - Request allowed for IP: 127.0.0.1
2025-01-07 16:15:07 [http-nio-8080-exec-1] INFO  com.example.controller.ChartDataServlet - Handling POST request for chart data.
2025-01-07 16:15:07 [http-nio-8080-exec-1] INFO  com.example.util.DatabaseConnection - Establishing database connection...
2025-01-07 16:15:07 [http-nio-8080-exec-1] INFO  com.example.util.DatabaseConnection - Database connection established successfully.
2025-01-07 16:15:07 [http-nio-8080-exec-1] INFO  com.example.util.DatabaseConnection - Establishing database connection...
2025-01-07 16:15:07 [http-nio-8080-exec-1] INFO  com.example.util.DatabaseConnection - Database connection established successfully.
2025-01-07 16:15:07 [http-nio-8080-exec-1] INFO  com.example.util.DatabaseConnection - Establishing database connection...
2025-01-07 16:15:07 [http-nio-8080-exec-1] INFO  com.example.util.DatabaseConnection - Database connection established successfully.
2025-01-07 16:15:23 [http-nio-8080-exec-2] INFO  com.example.filter.RateLimitingFilter - Request allowed for IP: 127.0.0.1
2025-01-07 16:15:23 [http-nio-8080-exec-3] INFO  com.example.filter.RateLimitingFilter - Request allowed for IP: 127.0.0.1
2025-01-07 16:15:23 [http-nio-8080-exec-3] INFO  com.example.controller.ChartDataServlet - Handling POST request for chart data.
2025-01-07 16:15:23 [http-nio-8080-exec-3] INFO  com.example.util.DatabaseConnection - Establishing database connection...
2025-01-07 16:15:23 [http-nio-8080-exec-3] INFO  com.example.util.DatabaseConnection - Database connection established successfully.
2025-01-07 16:15:23 [http-nio-8080-exec-3] INFO  com.example.util.DatabaseConnection - Establishing database connection...
2025-01-07 16:15:23 [http-nio-8080-exec-3] INFO  com.example.util.DatabaseConnection - Database connection established successfully.
2025-01-07 16:15:23 [http-nio-8080-exec-3] INFO  com.example.util.DatabaseConnection - Establishing database connection...
2025-01-07 16:15:23 [http-nio-8080-exec-3] INFO  com.example.util.DatabaseConnection - Database connection established successfully.
2025-01-07 16:17:41 [http-nio-8080-exec-2] INFO  com.example.filter.RateLimitingFilter - Request allowed for IP: 127.0.0.1
2025-01-07 16:17:42 [http-nio-8080-exec-3] INFO  com.example.controller.ChartDataServlet - Initializing ChartDataServlet...
2025-01-07 16:17:42 [http-nio-8080-exec-3] INFO  com.example.util.DatabaseConnection - Successfully loaded dbconfig.properties
2025-01-07 16:17:42 [http-nio-8080-exec-3] INFO  com.example.util.DatabaseConnection - Successfully initialized JNDI DataSource
2025-01-07 16:17:42 [http-nio-8080-exec-3] INFO  com.example.util.DatabaseConnection - Establishing database connection...
2025-01-07 16:17:43 [http-nio-8080-exec-3] INFO  com.example.util.DatabaseConnection - Database connection established successfully.
2025-01-07 16:17:43 [http-nio-8080-exec-3] INFO  com.example.controller.ChartDataServlet - Executed table creation query: create table if not exists `admin` (`admin_id` int not null auto_increment, `username` varchar(50) not null, `password` varchar(255) not null, `email` VARCHAR(100) default null, `created_at` timestamp null default current_timestamp, primary key (`admin_id`), unique key `username` (`username`), unique key `email` (`email`));
2025-01-07 16:17:43 [http-nio-8080-exec-3] INFO  com.example.controller.ChartDataServlet - Executed table creation query: create table if not exists `upload_metadata` (`upload_id` int not null auto_increment, `admin_id` int default null, `upload_date` timestamp null default current_timestamp, `file_name` varchar(255) default null, `records_inserted` int default null, `records_updated` int default null, `records_discarded` int default null, `status` varchar(50) default 'PENDING', primary key (`upload_id`), key `admin_id` (`admin_id`), constraint `upload_metadata_ibfk_1` foreign key (`admin_id`) references `admin` (`admin_id`));
2025-01-07 16:17:43 [http-nio-8080-exec-3] INFO  com.example.controller.ChartDataServlet - Executed table creation query: create table if not exists `usage_table` (`id` int not null auto_increment, `user_id` varchar(20) default null, `usage_value` int default null, `epoch` bigint default null, primary key (`id`));
2025-01-07 16:17:43 [http-nio-8080-exec-3] INFO  com.example.filter.RateLimitingFilter - Request allowed for IP: 127.0.0.1
2025-01-07 16:17:43 [http-nio-8080-exec-3] INFO  com.example.controller.ChartDataServlet - Handling POST request for chart data.
2025-01-07 16:17:43 [http-nio-8080-exec-3] INFO  com.example.util.DatabaseConnection - Establishing database connection...
2025-01-07 16:17:43 [http-nio-8080-exec-3] INFO  com.example.util.DatabaseConnection - Database connection established successfully.
2025-01-07 16:17:43 [http-nio-8080-exec-3] INFO  com.example.util.DatabaseConnection - Establishing database connection...
2025-01-07 16:17:43 [http-nio-8080-exec-3] INFO  com.example.util.DatabaseConnection - Database connection established successfully.
2025-01-07 16:17:43 [http-nio-8080-exec-3] INFO  com.example.util.DatabaseConnection - Establishing database connection...
2025-01-07 16:17:43 [http-nio-8080-exec-3] INFO  com.example.util.DatabaseConnection - Database connection established successfully.
2025-01-07 16:17:46 [http-nio-8080-exec-4] INFO  com.example.filter.RateLimitingFilter - Request allowed for IP: 127.0.0.1
2025-01-07 16:17:51 [http-nio-8080-exec-5] INFO  com.example.util.DatabaseConnection - Establishing database connection...
2025-01-07 16:17:51 [http-nio-8080-exec-5] INFO  com.example.util.DatabaseConnection - Database connection established successfully.
2025-01-07 16:17:51 [http-nio-8080-exec-5] INFO  com.example.filter.RateLimitingFilter - Request allowed for IP: 127.0.0.1
2025-01-07 16:17:51 [http-nio-8080-exec-5] INFO  com.example.controller.LoginServlet - Login successful for user: admin
2025-01-07 16:17:52 [http-nio-8080-exec-8] INFO  com.example.controller.ChartDataServlet - Handling POST request for chart data.
2025-01-07 16:17:52 [http-nio-8080-exec-8] INFO  com.example.util.DatabaseConnection - Establishing database connection...
2025-01-07 16:17:52 [http-nio-8080-exec-8] INFO  com.example.util.DatabaseConnection - Database connection established successfully.
2025-01-07 16:17:52 [http-nio-8080-exec-8] INFO  com.example.util.DatabaseConnection - Establishing database connection...
2025-01-07 16:17:52 [http-nio-8080-exec-8] INFO  com.example.util.DatabaseConnection - Database connection established successfully.
2025-01-07 16:17:52 [http-nio-8080-exec-8] INFO  com.example.util.DatabaseConnection - Establishing database connection...
2025-01-07 16:17:52 [http-nio-8080-exec-8] INFO  com.example.util.DatabaseConnection - Database connection established successfully.
2025-01-07 16:21:51 [http-nio-8080-exec-2] INFO  com.example.filter.RateLimitingFilter - Request allowed for IP: 127.0.0.1
2025-01-07 16:21:52 [http-nio-8080-exec-3] INFO  com.example.controller.ChartDataServlet - Initializing ChartDataServlet...
2025-01-07 16:21:52 [http-nio-8080-exec-3] INFO  com.example.util.DatabaseConnection - Successfully loaded dbconfig.properties
2025-01-07 16:21:52 [http-nio-8080-exec-3] INFO  com.example.util.DatabaseConnection - Successfully initialized JNDI DataSource
2025-01-07 16:21:52 [http-nio-8080-exec-3] INFO  com.example.util.DatabaseConnection - Establishing database connection...
2025-01-07 16:21:52 [http-nio-8080-exec-3] INFO  com.example.util.DatabaseConnection - Database connection established successfully.
2025-01-07 16:21:52 [http-nio-8080-exec-3] INFO  com.example.controller.ChartDataServlet - Executed table creation query: create table if not exists `admin` (`admin_id` int not null auto_increment, `username` varchar(50) not null, `password` varchar(255) not null, `email` VARCHAR(100) default null, `created_at` timestamp null default current_timestamp, primary key (`admin_id`), unique key `username` (`username`), unique key `email` (`email`));
2025-01-07 16:21:52 [http-nio-8080-exec-3] INFO  com.example.controller.ChartDataServlet - Executed table creation query: create table if not exists `upload_metadata` (`upload_id` int not null auto_increment, `admin_id` int default null, `upload_date` timestamp null default current_timestamp, `file_name` varchar(255) default null, `records_inserted` int default null, `records_updated` int default null, `records_discarded` int default null, `status` varchar(50) default 'PENDING', primary key (`upload_id`), key `admin_id` (`admin_id`), constraint `upload_metadata_ibfk_1` foreign key (`admin_id`) references `admin` (`admin_id`));
2025-01-07 16:21:52 [http-nio-8080-exec-3] INFO  com.example.controller.ChartDataServlet - Executed table creation query: create table if not exists `usage_table` (`id` int not null auto_increment, `user_id` varchar(20) default null, `usage_value` int default null, `epoch` bigint default null, primary key (`id`));
2025-01-07 16:21:52 [http-nio-8080-exec-3] INFO  com.example.filter.RateLimitingFilter - Request allowed for IP: 127.0.0.1
2025-01-07 16:21:52 [http-nio-8080-exec-3] INFO  com.example.controller.ChartDataServlet - Handling POST request for chart data.
2025-01-07 16:21:52 [http-nio-8080-exec-3] INFO  com.example.util.DatabaseConnection - Establishing database connection...
2025-01-07 16:21:52 [http-nio-8080-exec-3] INFO  com.example.util.DatabaseConnection - Database connection established successfully.
2025-01-07 16:21:52 [http-nio-8080-exec-3] INFO  com.example.util.DatabaseConnection - Establishing database connection...
2025-01-07 16:21:52 [http-nio-8080-exec-3] INFO  com.example.util.DatabaseConnection - Database connection established successfully.
2025-01-07 16:21:52 [http-nio-8080-exec-3] INFO  com.example.util.DatabaseConnection - Establishing database connection...
2025-01-07 16:21:52 [http-nio-8080-exec-3] INFO  com.example.util.DatabaseConnection - Database connection established successfully.
2025-01-07 16:21:54 [http-nio-8080-exec-4] INFO  com.example.filter.RateLimitingFilter - Request allowed for IP: 127.0.0.1
2025-01-07 16:22:02 [http-nio-8080-exec-5] INFO  com.example.util.DatabaseConnection - Establishing database connection...
2025-01-07 16:22:02 [http-nio-8080-exec-5] INFO  com.example.util.DatabaseConnection - Database connection established successfully.
2025-01-07 16:22:02 [http-nio-8080-exec-5] INFO  com.example.filter.RateLimitingFilter - Request allowed for IP: 127.0.0.1
2025-01-07 16:22:02 [http-nio-8080-exec-5] INFO  com.example.controller.LoginServlet - Login successful for user: admin
2025-01-07 16:22:02 [http-nio-8080-exec-7] INFO  com.example.controller.ChartDataServlet - Handling POST request for chart data.
2025-01-07 16:22:02 [http-nio-8080-exec-7] INFO  com.example.util.DatabaseConnection - Establishing database connection...
2025-01-07 16:22:02 [http-nio-8080-exec-7] INFO  com.example.util.DatabaseConnection - Database connection established successfully.
2025-01-07 16:22:02 [http-nio-8080-exec-7] INFO  com.example.util.DatabaseConnection - Establishing database connection...
2025-01-07 16:22:02 [http-nio-8080-exec-7] INFO  com.example.util.DatabaseConnection - Database connection established successfully.
2025-01-07 16:22:02 [http-nio-8080-exec-7] INFO  com.example.util.DatabaseConnection - Establishing database connection...
2025-01-07 16:22:02 [http-nio-8080-exec-7] INFO  com.example.util.DatabaseConnection - Database connection established successfully.
2025-01-07 16:22:24 [http-nio-8080-exec-10] INFO  com.example.util.DatabaseConnection - Establishing database connection...
2025-01-07 16:22:24 [http-nio-8080-exec-10] INFO  com.example.util.DatabaseConnection - Database connection established successfully.
2025-01-07 16:22:24 [http-nio-8080-exec-10] INFO  com.example.util.DatabaseConnection - Establishing database connection...
2025-01-07 16:22:24 [http-nio-8080-exec-10] INFO  com.example.util.DatabaseConnection - Database connection established successfully.
2025-01-07 16:22:24 [http-nio-8080-exec-10] INFO  com.example.controller.UploadServlet - Received upload request. Admin ID: 1
2025-01-07 16:22:24 [http-nio-8080-exec-10] INFO  com.example.controller.UploadServlet - File upload success for file: data1.csv
2025-01-07 16:22:24 [http-nio-8080-exec-2] INFO  com.example.controller.ChartDataServlet - Handling POST request for chart data.
2025-01-07 16:22:24 [http-nio-8080-exec-2] INFO  com.example.util.DatabaseConnection - Establishing database connection...
2025-01-07 16:22:24 [http-nio-8080-exec-2] INFO  com.example.util.DatabaseConnection - Database connection established successfully.
2025-01-07 16:22:24 [http-nio-8080-exec-2] INFO  com.example.util.DatabaseConnection - Establishing database connection...
2025-01-07 16:22:24 [http-nio-8080-exec-2] INFO  com.example.util.DatabaseConnection - Database connection established successfully.
2025-01-07 16:22:24 [http-nio-8080-exec-2] INFO  com.example.util.DatabaseConnection - Establishing database connection...
2025-01-07 16:22:24 [http-nio-8080-exec-2] INFO  com.example.util.DatabaseConnection - Database connection established successfully.
2025-01-07 16:22:36 [http-nio-8080-exec-3] INFO  com.example.controller.LogoutServlet - User is logging out. Invalidating session: B49F280258F0824B6D373541E76F3212
2025-01-07 16:22:36 [http-nio-8080-exec-4] INFO  com.example.filter.RateLimitingFilter - Request allowed for IP: 127.0.0.1
2025-01-07 16:22:36 [http-nio-8080-exec-5] INFO  com.example.filter.RateLimitingFilter - Request allowed for IP: 127.0.0.1
2025-01-07 16:22:36 [http-nio-8080-exec-5] INFO  com.example.controller.ChartDataServlet - Handling POST request for chart data.
2025-01-07 16:22:36 [http-nio-8080-exec-5] INFO  com.example.util.DatabaseConnection - Establishing database connection...
2025-01-07 16:22:36 [http-nio-8080-exec-5] INFO  com.example.util.DatabaseConnection - Database connection established successfully.
2025-01-07 16:22:36 [http-nio-8080-exec-5] INFO  com.example.util.DatabaseConnection - Establishing database connection...
2025-01-07 16:22:36 [http-nio-8080-exec-5] INFO  com.example.util.DatabaseConnection - Database connection established successfully.
2025-01-07 16:22:36 [http-nio-8080-exec-5] INFO  com.example.util.DatabaseConnection - Establishing database connection...
2025-01-07 16:22:36 [http-nio-8080-exec-5] INFO  com.example.util.DatabaseConnection - Database connection established successfully.
