2025-01-10 11:42:56 [http-nio-8080-exec-2] INFO  com.example.filter.RateLimitingFilter - Request allowed for IP: 127.0.0.1
2025-01-10 11:42:56 [http-nio-8080-exec-4] INFO  com.example.controller.ChartDataServlet - Initializing ChartDataServlet...
2025-01-10 11:42:56 [http-nio-8080-exec-4] INFO  com.example.util.DatabaseConnection - Successfully loaded dbconfig.properties
2025-01-10 11:42:56 [http-nio-8080-exec-4] INFO  com.example.util.DatabaseConnection - Successfully initialized JNDI DataSource
2025-01-10 11:42:56 [http-nio-8080-exec-4] INFO  com.example.util.DatabaseConnection - Establishing database connection...
2025-01-10 11:42:56 [http-nio-8080-exec-4] INFO  com.example.util.DatabaseConnection - Database connection established successfully.
2025-01-10 11:42:56 [http-nio-8080-exec-4] INFO  com.example.controller.ChartDataServlet - Executed table creation query: create table if not exists `admin` (`admin_id` int not null auto_increment, `username` varchar(50) not null, `password` varchar(255) not null, `email` VARCHAR(100) default null, `created_at` timestamp null default current_timestamp, primary key (`admin_id`), unique key `username` (`username`), unique key `email` (`email`));
2025-01-10 11:42:56 [http-nio-8080-exec-4] INFO  com.example.controller.ChartDataServlet - Executed table creation query: create table if not exists `upload_metadata` (`upload_id` int not null auto_increment, `admin_id` int default null, `upload_date` timestamp null default current_timestamp, `file_name` varchar(255) default null, `records_inserted` int default null, `records_updated` int default null, `records_discarded` int default null, `status` varchar(50) default 'PENDING', primary key (`upload_id`), key `admin_id` (`admin_id`), constraint `upload_metadata_ibfk_1` foreign key (`admin_id`) references `admin` (`admin_id`) on delete set null);
2025-01-10 11:42:56 [http-nio-8080-exec-4] INFO  com.example.controller.ChartDataServlet - Executed table creation query: create table if not exists `usage_data` (`id` int not null auto_increment primary key,`user_id` varchar(15) default null,`usage_value` int default null,`epoch` bigint default null,unique(`user_id`, `epoch`));
2025-01-10 11:42:56 [http-nio-8080-exec-4] INFO  com.example.filter.RateLimitingFilter - Request allowed for IP: 127.0.0.1
2025-01-10 11:42:56 [http-nio-8080-exec-4] INFO  com.example.controller.ChartDataServlet - Handling POST request for chart data.
2025-01-10 11:42:56 [http-nio-8080-exec-4] INFO  com.example.util.DatabaseConnection - Establishing database connection...
2025-01-10 11:42:56 [http-nio-8080-exec-4] INFO  com.example.util.DatabaseConnection - Database connection established successfully.
2025-01-10 11:42:56 [http-nio-8080-exec-4] INFO  com.example.util.DatabaseConnection - Establishing database connection...
2025-01-10 11:42:56 [http-nio-8080-exec-4] INFO  com.example.util.DatabaseConnection - Database connection established successfully.
2025-01-10 11:42:56 [http-nio-8080-exec-4] INFO  com.example.util.DatabaseConnection - Establishing database connection...
2025-01-10 11:42:56 [http-nio-8080-exec-4] INFO  com.example.util.DatabaseConnection - Database connection established successfully.
2025-01-10 11:42:59 [http-nio-8080-exec-3] INFO  com.example.filter.RateLimitingFilter - Request allowed for IP: 127.0.0.1
2025-01-10 11:43:05 [http-nio-8080-exec-5] INFO  com.example.util.DatabaseConnection - Establishing database connection...
2025-01-10 11:43:05 [http-nio-8080-exec-5] INFO  com.example.util.DatabaseConnection - Database connection established successfully.
2025-01-10 11:43:05 [http-nio-8080-exec-5] INFO  com.example.filter.RateLimitingFilter - Request allowed for IP: 127.0.0.1
2025-01-10 11:43:05 [http-nio-8080-exec-5] INFO  com.example.controller.AuthenticationServlet - Login successful for user: admin
2025-01-10 11:43:05 [http-nio-8080-exec-7] INFO  com.example.controller.ChartDataServlet - Handling POST request for chart data.
2025-01-10 11:43:05 [http-nio-8080-exec-7] INFO  com.example.util.DatabaseConnection - Establishing database connection...
2025-01-10 11:43:05 [http-nio-8080-exec-7] INFO  com.example.util.DatabaseConnection - Database connection established successfully.
2025-01-10 11:43:05 [http-nio-8080-exec-7] INFO  com.example.util.DatabaseConnection - Establishing database connection...
2025-01-10 11:43:05 [http-nio-8080-exec-7] INFO  com.example.util.DatabaseConnection - Database connection established successfully.
2025-01-10 11:43:05 [http-nio-8080-exec-7] INFO  com.example.util.DatabaseConnection - Establishing database connection...
2025-01-10 11:43:05 [http-nio-8080-exec-7] INFO  com.example.util.DatabaseConnection - Database connection established successfully.
2025-01-10 11:43:07 [http-nio-8080-exec-9] INFO  com.example.controller.AuthenticationServlet - User is logging out. Invalidating session: 454F1E32E304B880B51CD50CA27FA1B5
2025-01-10 11:43:07 [http-nio-8080-exec-10] INFO  com.example.filter.RateLimitingFilter - Request allowed for IP: 127.0.0.1
2025-01-10 11:43:07 [http-nio-8080-exec-1] INFO  com.example.filter.RateLimitingFilter - Request allowed for IP: 127.0.0.1
2025-01-10 11:43:07 [http-nio-8080-exec-1] INFO  com.example.controller.ChartDataServlet - Handling POST request for chart data.
2025-01-10 11:43:07 [http-nio-8080-exec-1] INFO  com.example.util.DatabaseConnection - Establishing database connection...
2025-01-10 11:43:07 [http-nio-8080-exec-1] INFO  com.example.util.DatabaseConnection - Database connection established successfully.
2025-01-10 11:43:07 [http-nio-8080-exec-1] INFO  com.example.util.DatabaseConnection - Establishing database connection...
2025-01-10 11:43:07 [http-nio-8080-exec-1] INFO  com.example.util.DatabaseConnection - Database connection established successfully.
2025-01-10 11:43:07 [http-nio-8080-exec-1] INFO  com.example.util.DatabaseConnection - Establishing database connection...
2025-01-10 11:43:07 [http-nio-8080-exec-1] INFO  com.example.util.DatabaseConnection - Database connection established successfully.
2025-01-10 11:46:58 [http-nio-8080-exec-2] INFO  com.example.filter.RateLimitingFilter - Request allowed for IP: 127.0.0.1
2025-01-10 11:46:58 [http-nio-8080-exec-3] INFO  com.example.controller.ChartDataServlet - Initializing ChartDataServlet...
2025-01-10 11:46:58 [http-nio-8080-exec-3] INFO  com.example.util.DatabaseConnection - Successfully loaded dbconfig.properties
2025-01-10 11:46:58 [http-nio-8080-exec-3] INFO  com.example.util.DatabaseConnection - Successfully initialized JNDI DataSource
2025-01-10 11:46:58 [http-nio-8080-exec-3] INFO  com.example.util.DatabaseConnection - Establishing database connection...
2025-01-10 11:46:59 [http-nio-8080-exec-3] INFO  com.example.util.DatabaseConnection - Database connection established successfully.
2025-01-10 11:46:59 [http-nio-8080-exec-3] INFO  com.example.controller.ChartDataServlet - Executed table creation query: create table if not exists `admin` (`admin_id` int not null auto_increment, `username` varchar(50) not null, `password` varchar(255) not null, `email` VARCHAR(100) default null, `created_at` timestamp null default current_timestamp, primary key (`admin_id`), unique key `username` (`username`), unique key `email` (`email`));
2025-01-10 11:46:59 [http-nio-8080-exec-3] INFO  com.example.controller.ChartDataServlet - Executed table creation query: create table if not exists `upload_metadata` (`upload_id` int not null auto_increment, `admin_id` int default null, `upload_date` timestamp null default current_timestamp, `file_name` varchar(255) default null, `records_inserted` int default null, `records_updated` int default null, `records_discarded` int default null, `status` varchar(50) default 'PENDING', primary key (`upload_id`), key `admin_id` (`admin_id`), constraint `upload_metadata_ibfk_1` foreign key (`admin_id`) references `admin` (`admin_id`) on delete set null);
2025-01-10 11:46:59 [http-nio-8080-exec-3] INFO  com.example.controller.ChartDataServlet - Executed table creation query: create table if not exists `usage_data` (`id` int not null auto_increment primary key,`user_id` varchar(15) default null,`usage_value` int default null,`epoch` bigint default null,unique(`user_id`, `epoch`));
2025-01-10 11:46:59 [http-nio-8080-exec-3] INFO  com.example.filter.RateLimitingFilter - Request allowed for IP: 127.0.0.1
2025-01-10 11:46:59 [http-nio-8080-exec-3] INFO  com.example.controller.ChartDataServlet - Handling POST request for chart data.
2025-01-10 11:46:59 [http-nio-8080-exec-3] INFO  com.example.util.DatabaseConnection - Establishing database connection...
2025-01-10 11:46:59 [http-nio-8080-exec-3] INFO  com.example.util.DatabaseConnection - Database connection established successfully.
2025-01-10 11:46:59 [http-nio-8080-exec-3] INFO  com.example.util.DatabaseConnection - Establishing database connection...
2025-01-10 11:46:59 [http-nio-8080-exec-3] INFO  com.example.util.DatabaseConnection - Database connection established successfully.
2025-01-10 11:46:59 [http-nio-8080-exec-3] INFO  com.example.util.DatabaseConnection - Establishing database connection...
2025-01-10 11:46:59 [http-nio-8080-exec-3] INFO  com.example.util.DatabaseConnection - Database connection established successfully.
2025-01-10 11:48:54 [http-nio-8080-exec-6] INFO  com.example.filter.RateLimitingFilter - Request allowed for IP: 127.0.0.1
2025-01-10 11:48:54 [http-nio-8080-exec-7] INFO  com.example.filter.RateLimitingFilter - Request allowed for IP: 127.0.0.1
2025-01-10 11:48:54 [http-nio-8080-exec-7] INFO  com.example.controller.ChartDataServlet - Handling POST request for chart data.
2025-01-10 11:48:54 [http-nio-8080-exec-7] INFO  com.example.util.DatabaseConnection - Establishing database connection...
2025-01-10 11:48:54 [http-nio-8080-exec-7] INFO  com.example.util.DatabaseConnection - Database connection established successfully.
2025-01-10 11:48:54 [http-nio-8080-exec-7] INFO  com.example.util.DatabaseConnection - Establishing database connection...
2025-01-10 11:48:54 [http-nio-8080-exec-7] INFO  com.example.util.DatabaseConnection - Database connection established successfully.
2025-01-10 11:48:54 [http-nio-8080-exec-7] INFO  com.example.util.DatabaseConnection - Establishing database connection...
2025-01-10 11:48:54 [http-nio-8080-exec-7] INFO  com.example.util.DatabaseConnection - Database connection established successfully.
2025-01-10 11:51:11 [http-nio-8080-exec-9] INFO  com.example.filter.RateLimitingFilter - Request allowed for IP: 127.0.0.1
2025-01-10 11:51:11 [http-nio-8080-exec-10] INFO  com.example.controller.ChartDataServlet - Initializing ChartDataServlet...
2025-01-10 11:51:11 [http-nio-8080-exec-10] INFO  com.example.util.DatabaseConnection - Successfully loaded dbconfig.properties
2025-01-10 11:51:11 [http-nio-8080-exec-10] INFO  com.example.util.DatabaseConnection - Successfully initialized JNDI DataSource
2025-01-10 11:51:11 [http-nio-8080-exec-10] INFO  com.example.util.DatabaseConnection - Establishing database connection...
2025-01-10 11:51:11 [http-nio-8080-exec-10] INFO  com.example.util.DatabaseConnection - Database connection established successfully.
2025-01-10 11:51:11 [http-nio-8080-exec-10] INFO  com.example.controller.ChartDataServlet - Executed table creation query: create table if not exists `admin` (`admin_id` int not null auto_increment, `username` varchar(50) not null, `password` varchar(255) not null, `email` VARCHAR(100) default null, `created_at` timestamp null default current_timestamp, primary key (`admin_id`), unique key `username` (`username`), unique key `email` (`email`));
2025-01-10 11:51:11 [http-nio-8080-exec-10] INFO  com.example.controller.ChartDataServlet - Executed table creation query: create table if not exists `upload_metadata` (`upload_id` int not null auto_increment, `admin_id` int default null, `upload_date` timestamp null default current_timestamp, `file_name` varchar(255) default null, `records_inserted` int default null, `records_updated` int default null, `records_discarded` int default null, `status` varchar(50) default 'PENDING', primary key (`upload_id`), key `admin_id` (`admin_id`), constraint `upload_metadata_ibfk_1` foreign key (`admin_id`) references `admin` (`admin_id`) on delete set null);
2025-01-10 11:51:11 [http-nio-8080-exec-10] INFO  com.example.controller.ChartDataServlet - Executed table creation query: create table if not exists `usage_data` (`id` int not null auto_increment primary key,`user_id` varchar(15) default null,`usage_value` int default null,`epoch` bigint default null,unique(`user_id`, `epoch`));
2025-01-10 11:51:11 [http-nio-8080-exec-10] INFO  com.example.filter.RateLimitingFilter - Request allowed for IP: 127.0.0.1
2025-01-10 11:51:11 [http-nio-8080-exec-10] INFO  com.example.controller.ChartDataServlet - Handling POST request for chart data.
2025-01-10 11:51:11 [http-nio-8080-exec-10] INFO  com.example.util.DatabaseConnection - Establishing database connection...
2025-01-10 11:51:11 [http-nio-8080-exec-10] INFO  com.example.util.DatabaseConnection - Database connection established successfully.
2025-01-10 11:51:11 [http-nio-8080-exec-10] INFO  com.example.util.DatabaseConnection - Establishing database connection...
2025-01-10 11:51:11 [http-nio-8080-exec-10] INFO  com.example.util.DatabaseConnection - Database connection established successfully.
2025-01-10 11:51:11 [http-nio-8080-exec-10] INFO  com.example.util.DatabaseConnection - Establishing database connection...
2025-01-10 11:51:11 [http-nio-8080-exec-10] INFO  com.example.util.DatabaseConnection - Database connection established successfully.
2025-01-10 11:51:13 [http-nio-8080-exec-1] INFO  com.example.filter.RateLimitingFilter - Request allowed for IP: 127.0.0.1
2025-01-10 11:51:18 [http-nio-8080-exec-2] INFO  com.example.util.DatabaseConnection - Establishing database connection...
2025-01-10 11:51:18 [http-nio-8080-exec-2] INFO  com.example.util.DatabaseConnection - Database connection established successfully.
2025-01-10 11:51:18 [http-nio-8080-exec-2] INFO  com.example.filter.RateLimitingFilter - Request allowed for IP: 127.0.0.1
2025-01-10 11:51:18 [http-nio-8080-exec-2] INFO  com.example.controller.AuthenticationServlet - Login successful for user: admin
2025-01-10 11:51:18 [http-nio-8080-exec-4] INFO  com.example.controller.ChartDataServlet - Handling POST request for chart data.
2025-01-10 11:51:18 [http-nio-8080-exec-4] INFO  com.example.util.DatabaseConnection - Establishing database connection...
2025-01-10 11:51:18 [http-nio-8080-exec-4] INFO  com.example.util.DatabaseConnection - Database connection established successfully.
2025-01-10 11:51:18 [http-nio-8080-exec-4] INFO  com.example.util.DatabaseConnection - Establishing database connection...
2025-01-10 11:51:18 [http-nio-8080-exec-4] INFO  com.example.util.DatabaseConnection - Database connection established successfully.
2025-01-10 11:51:18 [http-nio-8080-exec-4] INFO  com.example.util.DatabaseConnection - Establishing database connection...
2025-01-10 11:51:18 [http-nio-8080-exec-4] INFO  com.example.util.DatabaseConnection - Database connection established successfully.
2025-01-10 11:51:22 [http-nio-8080-exec-7] INFO  com.example.controller.ChartDataServlet - Handling POST request for chart data.
2025-01-10 11:51:22 [http-nio-8080-exec-7] INFO  com.example.util.DatabaseConnection - Establishing database connection...
2025-01-10 11:51:22 [http-nio-8080-exec-7] INFO  com.example.util.DatabaseConnection - Database connection established successfully.
2025-01-10 11:51:22 [http-nio-8080-exec-7] INFO  com.example.util.DatabaseConnection - Establishing database connection...
2025-01-10 11:51:22 [http-nio-8080-exec-7] INFO  com.example.util.DatabaseConnection - Database connection established successfully.
2025-01-10 11:51:22 [http-nio-8080-exec-7] INFO  com.example.util.DatabaseConnection - Establishing database connection...
2025-01-10 11:51:22 [http-nio-8080-exec-7] INFO  com.example.util.DatabaseConnection - Database connection established successfully.
2025-01-10 11:51:24 [http-nio-8080-exec-8] INFO  com.example.controller.AuthenticationServlet - User is logging out. Invalidating session: 60950A9336CD0CCA33C26395D4D37AFD
2025-01-10 11:51:24 [http-nio-8080-exec-9] INFO  com.example.filter.RateLimitingFilter - Request allowed for IP: 127.0.0.1
2025-01-10 11:51:24 [http-nio-8080-exec-10] INFO  com.example.filter.RateLimitingFilter - Request allowed for IP: 127.0.0.1
2025-01-10 11:51:24 [http-nio-8080-exec-10] INFO  com.example.controller.ChartDataServlet - Handling POST request for chart data.
2025-01-10 11:51:24 [http-nio-8080-exec-10] INFO  com.example.util.DatabaseConnection - Establishing database connection...
2025-01-10 11:51:24 [http-nio-8080-exec-10] INFO  com.example.util.DatabaseConnection - Database connection established successfully.
2025-01-10 11:51:24 [http-nio-8080-exec-10] INFO  com.example.util.DatabaseConnection - Establishing database connection...
2025-01-10 11:51:24 [http-nio-8080-exec-10] INFO  com.example.util.DatabaseConnection - Database connection established successfully.
2025-01-10 11:51:24 [http-nio-8080-exec-10] INFO  com.example.util.DatabaseConnection - Establishing database connection...
2025-01-10 11:51:24 [http-nio-8080-exec-10] INFO  com.example.util.DatabaseConnection - Database connection established successfully.
2025-01-10 11:54:03 [http-nio-8080-exec-4] INFO  com.example.filter.RateLimitingFilter - Request allowed for IP: 127.0.0.1
2025-01-10 11:54:03 [http-nio-8080-exec-5] INFO  com.example.filter.RateLimitingFilter - Request allowed for IP: 127.0.0.1
2025-01-10 11:54:03 [http-nio-8080-exec-5] INFO  com.example.controller.ChartDataServlet - Handling POST request for chart data.
2025-01-10 11:54:03 [http-nio-8080-exec-5] INFO  com.example.util.DatabaseConnection - Establishing database connection...
2025-01-10 11:54:03 [http-nio-8080-exec-5] INFO  com.example.util.DatabaseConnection - Database connection established successfully.
2025-01-10 11:54:03 [http-nio-8080-exec-5] INFO  com.example.util.DatabaseConnection - Establishing database connection...
2025-01-10 11:54:03 [http-nio-8080-exec-5] INFO  com.example.util.DatabaseConnection - Database connection established successfully.
2025-01-10 11:54:03 [http-nio-8080-exec-5] INFO  com.example.util.DatabaseConnection - Establishing database connection...
2025-01-10 11:54:03 [http-nio-8080-exec-5] INFO  com.example.util.DatabaseConnection - Database connection established successfully.
2025-01-10 11:54:09 [http-nio-8080-exec-6] INFO  com.example.filter.RateLimitingFilter - Request allowed for IP: 127.0.0.1
2025-01-10 11:54:44 [http-nio-8080-exec-1] INFO  com.example.filter.RateLimitingFilter - Request allowed for IP: 127.0.0.1
2025-01-10 11:54:44 [http-nio-8080-exec-2] INFO  com.example.controller.ChartDataServlet - Initializing ChartDataServlet...
2025-01-10 11:54:44 [http-nio-8080-exec-2] INFO  com.example.util.DatabaseConnection - Successfully loaded dbconfig.properties
2025-01-10 11:54:44 [http-nio-8080-exec-2] INFO  com.example.util.DatabaseConnection - Successfully initialized JNDI DataSource
2025-01-10 11:54:44 [http-nio-8080-exec-2] INFO  com.example.util.DatabaseConnection - Establishing database connection...
2025-01-10 11:54:44 [http-nio-8080-exec-2] INFO  com.example.util.DatabaseConnection - Database connection established successfully.
2025-01-10 11:54:44 [http-nio-8080-exec-2] INFO  com.example.controller.ChartDataServlet - Executed table creation query: create table if not exists `admin` (`admin_id` int not null auto_increment, `username` varchar(50) not null, `password` varchar(255) not null, `email` VARCHAR(100) default null, `created_at` timestamp null default current_timestamp, primary key (`admin_id`), unique key `username` (`username`), unique key `email` (`email`));
2025-01-10 11:54:44 [http-nio-8080-exec-2] INFO  com.example.controller.ChartDataServlet - Executed table creation query: create table if not exists `upload_metadata` (`upload_id` int not null auto_increment, `admin_id` int default null, `upload_date` timestamp null default current_timestamp, `file_name` varchar(255) default null, `records_inserted` int default null, `records_updated` int default null, `records_discarded` int default null, `status` varchar(50) default 'PENDING', primary key (`upload_id`), key `admin_id` (`admin_id`), constraint `upload_metadata_ibfk_1` foreign key (`admin_id`) references `admin` (`admin_id`) on delete set null);
2025-01-10 11:54:44 [http-nio-8080-exec-2] INFO  com.example.controller.ChartDataServlet - Executed table creation query: create table if not exists `usage_data` (`id` int not null auto_increment primary key,`user_id` varchar(15) default null,`usage_value` int default null,`epoch` bigint default null,unique(`user_id`, `epoch`));
2025-01-10 11:54:44 [http-nio-8080-exec-2] INFO  com.example.filter.RateLimitingFilter - Request allowed for IP: 127.0.0.1
2025-01-10 11:54:44 [http-nio-8080-exec-2] INFO  com.example.controller.ChartDataServlet - Handling POST request for chart data.
2025-01-10 11:54:44 [http-nio-8080-exec-2] INFO  com.example.util.DatabaseConnection - Establishing database connection...
2025-01-10 11:54:44 [http-nio-8080-exec-2] INFO  com.example.util.DatabaseConnection - Database connection established successfully.
2025-01-10 11:54:44 [http-nio-8080-exec-2] INFO  com.example.util.DatabaseConnection - Establishing database connection...
2025-01-10 11:54:44 [http-nio-8080-exec-2] INFO  com.example.util.DatabaseConnection - Database connection established successfully.
2025-01-10 11:54:44 [http-nio-8080-exec-2] INFO  com.example.util.DatabaseConnection - Establishing database connection...
2025-01-10 11:54:44 [http-nio-8080-exec-2] INFO  com.example.util.DatabaseConnection - Database connection established successfully.
2025-01-10 11:54:52 [http-nio-8080-exec-3] INFO  com.example.filter.RateLimitingFilter - Request allowed for IP: 127.0.0.1
2025-01-10 11:54:52 [http-nio-8080-exec-4] INFO  com.example.filter.RateLimitingFilter - Request allowed for IP: 127.0.0.1
2025-01-10 11:54:52 [http-nio-8080-exec-4] INFO  com.example.controller.ChartDataServlet - Handling POST request for chart data.
2025-01-10 11:54:52 [http-nio-8080-exec-4] INFO  com.example.util.DatabaseConnection - Establishing database connection...
2025-01-10 11:54:52 [http-nio-8080-exec-4] INFO  com.example.util.DatabaseConnection - Database connection established successfully.
2025-01-10 11:54:52 [http-nio-8080-exec-4] INFO  com.example.util.DatabaseConnection - Establishing database connection...
2025-01-10 11:54:52 [http-nio-8080-exec-4] INFO  com.example.util.DatabaseConnection - Database connection established successfully.
2025-01-10 11:54:52 [http-nio-8080-exec-4] INFO  com.example.util.DatabaseConnection - Establishing database connection...
2025-01-10 11:54:52 [http-nio-8080-exec-4] INFO  com.example.util.DatabaseConnection - Database connection established successfully.
2025-01-10 11:54:55 [http-nio-8080-exec-5] INFO  com.example.filter.RateLimitingFilter - Request allowed for IP: 127.0.0.1
2025-01-10 11:55:04 [http-nio-8080-exec-6] INFO  com.example.util.DatabaseConnection - Establishing database connection...
2025-01-10 11:55:04 [http-nio-8080-exec-6] INFO  com.example.util.DatabaseConnection - Database connection established successfully.
2025-01-10 11:55:04 [http-nio-8080-exec-6] INFO  com.example.filter.RateLimitingFilter - Request allowed for IP: 127.0.0.1
2025-01-10 11:55:04 [http-nio-8080-exec-6] WARN  com.example.controller.AuthenticationServlet - Login failed for user: adminn
2025-01-10 11:55:07 [http-nio-8080-exec-7] INFO  com.example.filter.RateLimitingFilter - Request allowed for IP: 127.0.0.1
2025-01-10 11:55:07 [http-nio-8080-exec-8] INFO  com.example.filter.RateLimitingFilter - Request allowed for IP: 127.0.0.1
2025-01-10 11:55:07 [http-nio-8080-exec-8] INFO  com.example.controller.ChartDataServlet - Handling POST request for chart data.
2025-01-10 11:55:07 [http-nio-8080-exec-8] INFO  com.example.util.DatabaseConnection - Establishing database connection...
2025-01-10 11:55:07 [http-nio-8080-exec-8] INFO  com.example.util.DatabaseConnection - Database connection established successfully.
2025-01-10 11:55:07 [http-nio-8080-exec-8] INFO  com.example.util.DatabaseConnection - Establishing database connection...
2025-01-10 11:55:07 [http-nio-8080-exec-8] INFO  com.example.util.DatabaseConnection - Database connection established successfully.
2025-01-10 11:55:07 [http-nio-8080-exec-8] INFO  com.example.util.DatabaseConnection - Establishing database connection...
2025-01-10 11:55:07 [http-nio-8080-exec-8] INFO  com.example.util.DatabaseConnection - Database connection established successfully.
2025-01-10 11:58:46 [http-nio-8080-exec-9] INFO  com.example.filter.RateLimitingFilter - Request allowed for IP: 127.0.0.1
2025-01-10 11:58:46 [http-nio-8080-exec-1] INFO  com.example.filter.RateLimitingFilter - Request allowed for IP: 127.0.0.1
2025-01-10 11:58:46 [http-nio-8080-exec-1] INFO  com.example.controller.ChartDataServlet - Handling POST request for chart data.
2025-01-10 11:58:46 [http-nio-8080-exec-1] INFO  com.example.util.DatabaseConnection - Establishing database connection...
2025-01-10 11:58:46 [http-nio-8080-exec-1] INFO  com.example.util.DatabaseConnection - Database connection established successfully.
2025-01-10 11:58:46 [http-nio-8080-exec-1] INFO  com.example.util.DatabaseConnection - Establishing database connection...
2025-01-10 11:58:46 [http-nio-8080-exec-1] INFO  com.example.util.DatabaseConnection - Database connection established successfully.
2025-01-10 11:58:46 [http-nio-8080-exec-1] INFO  com.example.util.DatabaseConnection - Establishing database connection...
2025-01-10 11:58:46 [http-nio-8080-exec-1] INFO  com.example.util.DatabaseConnection - Database connection established successfully.
2025-01-10 11:58:47 [http-nio-8080-exec-3] INFO  com.example.filter.RateLimitingFilter - Request allowed for IP: 127.0.0.1
2025-01-10 11:58:53 [http-nio-8080-exec-4] INFO  com.example.filter.RateLimitingFilter - Request allowed for IP: 127.0.0.1
2025-01-10 11:58:53 [http-nio-8080-exec-4] INFO  com.example.controller.AuthenticationServlet - Login successful for user: admin
2025-01-10 11:58:53 [http-nio-8080-exec-6] INFO  com.example.controller.ChartDataServlet - Handling POST request for chart data.
2025-01-10 11:58:53 [http-nio-8080-exec-6] INFO  com.example.util.DatabaseConnection - Establishing database connection...
2025-01-10 11:58:53 [http-nio-8080-exec-6] INFO  com.example.util.DatabaseConnection - Database connection established successfully.
2025-01-10 11:58:53 [http-nio-8080-exec-6] INFO  com.example.util.DatabaseConnection - Establishing database connection...
2025-01-10 11:58:53 [http-nio-8080-exec-6] INFO  com.example.util.DatabaseConnection - Database connection established successfully.
2025-01-10 11:58:53 [http-nio-8080-exec-6] INFO  com.example.util.DatabaseConnection - Establishing database connection...
2025-01-10 11:58:53 [http-nio-8080-exec-6] INFO  com.example.util.DatabaseConnection - Database connection established successfully.
2025-01-10 11:58:56 [http-nio-8080-exec-10] INFO  com.example.controller.ChartDataServlet - Handling POST request for chart data.
2025-01-10 11:58:56 [http-nio-8080-exec-10] INFO  com.example.util.DatabaseConnection - Establishing database connection...
2025-01-10 11:58:56 [http-nio-8080-exec-10] INFO  com.example.util.DatabaseConnection - Database connection established successfully.
2025-01-10 11:58:56 [http-nio-8080-exec-10] INFO  com.example.util.DatabaseConnection - Establishing database connection...
2025-01-10 11:58:56 [http-nio-8080-exec-10] INFO  com.example.util.DatabaseConnection - Database connection established successfully.
2025-01-10 11:58:56 [http-nio-8080-exec-10] INFO  com.example.util.DatabaseConnection - Establishing database connection...
2025-01-10 11:58:56 [http-nio-8080-exec-10] INFO  com.example.util.DatabaseConnection - Database connection established successfully.
2025-01-10 11:58:57 [http-nio-8080-exec-9] INFO  com.example.controller.AuthenticationServlet - User is logging out. Invalidating session: 9CE39D46B171A5269A8BBC060ABF64EB
2025-01-10 11:58:57 [http-nio-8080-exec-1] INFO  com.example.filter.RateLimitingFilter - Request allowed for IP: 127.0.0.1
2025-01-10 11:58:57 [http-nio-8080-exec-2] INFO  com.example.filter.RateLimitingFilter - Request allowed for IP: 127.0.0.1
2025-01-10 11:58:57 [http-nio-8080-exec-2] INFO  com.example.controller.ChartDataServlet - Handling POST request for chart data.
2025-01-10 11:58:57 [http-nio-8080-exec-2] INFO  com.example.util.DatabaseConnection - Establishing database connection...
2025-01-10 11:58:57 [http-nio-8080-exec-2] INFO  com.example.util.DatabaseConnection - Database connection established successfully.
2025-01-10 11:58:57 [http-nio-8080-exec-2] INFO  com.example.util.DatabaseConnection - Establishing database connection...
2025-01-10 11:58:57 [http-nio-8080-exec-2] INFO  com.example.util.DatabaseConnection - Database connection established successfully.
2025-01-10 11:58:57 [http-nio-8080-exec-2] INFO  com.example.util.DatabaseConnection - Establishing database connection...
2025-01-10 11:58:57 [http-nio-8080-exec-2] INFO  com.example.util.DatabaseConnection - Database connection established successfully.
2025-01-10 12:25:09 [http-nio-8080-exec-4] INFO  com.example.filter.RateLimitingFilter - Request allowed for IP: 127.0.0.1
2025-01-10 12:25:09 [http-nio-8080-exec-5] INFO  com.example.filter.RateLimitingFilter - Request allowed for IP: 127.0.0.1
2025-01-10 12:25:09 [http-nio-8080-exec-5] INFO  com.example.controller.ChartDataServlet - Handling POST request for chart data.
2025-01-10 12:25:09 [http-nio-8080-exec-5] INFO  com.example.util.DatabaseConnection - Establishing database connection...
2025-01-10 12:25:09 [http-nio-8080-exec-5] INFO  com.example.util.DatabaseConnection - Database connection established successfully.
2025-01-10 12:25:09 [http-nio-8080-exec-5] INFO  com.example.util.DatabaseConnection - Establishing database connection...
2025-01-10 12:25:09 [http-nio-8080-exec-5] INFO  com.example.util.DatabaseConnection - Database connection established successfully.
2025-01-10 12:25:09 [http-nio-8080-exec-5] INFO  com.example.util.DatabaseConnection - Establishing database connection...
2025-01-10 12:25:09 [http-nio-8080-exec-5] INFO  com.example.util.DatabaseConnection - Database connection established successfully.
2025-01-10 12:25:11 [http-nio-8080-exec-6] INFO  com.example.filter.RateLimitingFilter - Request allowed for IP: 127.0.0.1
2025-01-10 12:25:15 [http-nio-8080-exec-7] INFO  com.example.filter.RateLimitingFilter - Request allowed for IP: 127.0.0.1
2025-01-10 12:25:15 [http-nio-8080-exec-7] INFO  com.example.controller.AuthenticationServlet - Login successful for user: admin
2025-01-10 12:25:15 [http-nio-8080-exec-10] INFO  com.example.controller.ChartDataServlet - Handling POST request for chart data.
2025-01-10 12:25:15 [http-nio-8080-exec-10] INFO  com.example.util.DatabaseConnection - Establishing database connection...
2025-01-10 12:25:15 [http-nio-8080-exec-10] INFO  com.example.util.DatabaseConnection - Database connection established successfully.
2025-01-10 12:25:15 [http-nio-8080-exec-10] INFO  com.example.util.DatabaseConnection - Establishing database connection...
2025-01-10 12:25:15 [http-nio-8080-exec-10] INFO  com.example.util.DatabaseConnection - Database connection established successfully.
2025-01-10 12:25:15 [http-nio-8080-exec-10] INFO  com.example.util.DatabaseConnection - Establishing database connection...
2025-01-10 12:25:15 [http-nio-8080-exec-10] INFO  com.example.util.DatabaseConnection - Database connection established successfully.
2025-01-10 12:25:21 [http-nio-8080-exec-1] INFO  com.example.util.DatabaseConnection - Establishing database connection...
2025-01-10 12:25:21 [http-nio-8080-exec-1] INFO  com.example.util.DatabaseConnection - Database connection established successfully.
2025-01-10 12:25:21 [http-nio-8080-exec-1] INFO  com.example.util.DatabaseConnection - Establishing database connection...
2025-01-10 12:25:21 [http-nio-8080-exec-1] INFO  com.example.util.DatabaseConnection - Database connection established successfully.
2025-01-10 12:25:21 [http-nio-8080-exec-1] INFO  com.example.controller.UploadServlet - Received upload request. Admin ID: 1
2025-01-10 12:25:21 [http-nio-8080-exec-1] INFO  com.example.controller.UploadServlet - File upload success for file: data1.csv
2025-01-10 12:25:21 [http-nio-8080-exec-3] INFO  com.example.controller.ChartDataServlet - Handling POST request for chart data.
2025-01-10 12:25:21 [http-nio-8080-exec-3] INFO  com.example.util.DatabaseConnection - Establishing database connection...
2025-01-10 12:25:22 [http-nio-8080-exec-3] INFO  com.example.util.DatabaseConnection - Database connection established successfully.
2025-01-10 12:25:22 [http-nio-8080-exec-3] INFO  com.example.util.DatabaseConnection - Establishing database connection...
2025-01-10 12:25:22 [http-nio-8080-exec-3] INFO  com.example.util.DatabaseConnection - Database connection established successfully.
2025-01-10 12:25:22 [http-nio-8080-exec-3] INFO  com.example.util.DatabaseConnection - Establishing database connection...
2025-01-10 12:25:22 [http-nio-8080-exec-3] INFO  com.example.util.DatabaseConnection - Database connection established successfully.
2025-01-10 12:25:27 [http-nio-8080-exec-4] INFO  com.example.controller.ChartDataServlet - Handling POST request for chart data.
2025-01-10 12:25:27 [http-nio-8080-exec-4] INFO  com.example.util.DatabaseConnection - Establishing database connection...
2025-01-10 12:25:27 [http-nio-8080-exec-4] INFO  com.example.util.DatabaseConnection - Database connection established successfully.
2025-01-10 12:25:27 [http-nio-8080-exec-4] INFO  com.example.util.DatabaseConnection - Establishing database connection...
2025-01-10 12:25:28 [http-nio-8080-exec-4] INFO  com.example.util.DatabaseConnection - Database connection established successfully.
2025-01-10 12:25:28 [http-nio-8080-exec-4] INFO  com.example.util.DatabaseConnection - Establishing database connection...
2025-01-10 12:25:28 [http-nio-8080-exec-4] INFO  com.example.util.DatabaseConnection - Database connection established successfully.
2025-01-10 12:25:29 [http-nio-8080-exec-5] INFO  com.example.controller.ChartDataServlet - Handling POST request for chart data.
2025-01-10 12:25:29 [http-nio-8080-exec-5] INFO  com.example.util.DatabaseConnection - Establishing database connection...
2025-01-10 12:25:29 [http-nio-8080-exec-5] INFO  com.example.util.DatabaseConnection - Database connection established successfully.
2025-01-10 12:25:29 [http-nio-8080-exec-5] INFO  com.example.util.DatabaseConnection - Establishing database connection...
2025-01-10 12:25:29 [http-nio-8080-exec-5] INFO  com.example.util.DatabaseConnection - Database connection established successfully.
2025-01-10 12:25:29 [http-nio-8080-exec-5] INFO  com.example.util.DatabaseConnection - Establishing database connection...
2025-01-10 12:25:29 [http-nio-8080-exec-5] INFO  com.example.util.DatabaseConnection - Database connection established successfully.
2025-01-10 12:25:31 [http-nio-8080-exec-6] INFO  com.example.controller.ChartDataServlet - Handling POST request for chart data.
2025-01-10 12:25:31 [http-nio-8080-exec-6] INFO  com.example.util.DatabaseConnection - Establishing database connection...
2025-01-10 12:25:31 [http-nio-8080-exec-6] INFO  com.example.util.DatabaseConnection - Database connection established successfully.
2025-01-10 12:25:31 [http-nio-8080-exec-6] INFO  com.example.util.DatabaseConnection - Establishing database connection...
2025-01-10 12:25:31 [http-nio-8080-exec-6] INFO  com.example.util.DatabaseConnection - Database connection established successfully.
2025-01-10 12:25:31 [http-nio-8080-exec-6] INFO  com.example.util.DatabaseConnection - Establishing database connection...
2025-01-10 12:25:31 [http-nio-8080-exec-6] INFO  com.example.util.DatabaseConnection - Database connection established successfully.
2025-01-10 12:25:32 [http-nio-8080-exec-7] INFO  com.example.controller.ChartDataServlet - Handling POST request for chart data.
2025-01-10 12:25:32 [http-nio-8080-exec-7] INFO  com.example.util.DatabaseConnection - Establishing database connection...
2025-01-10 12:25:32 [http-nio-8080-exec-7] INFO  com.example.util.DatabaseConnection - Database connection established successfully.
2025-01-10 12:25:32 [http-nio-8080-exec-7] INFO  com.example.util.DatabaseConnection - Establishing database connection...
2025-01-10 12:25:32 [http-nio-8080-exec-7] INFO  com.example.util.DatabaseConnection - Database connection established successfully.
2025-01-10 12:25:32 [http-nio-8080-exec-7] INFO  com.example.util.DatabaseConnection - Establishing database connection...
2025-01-10 12:25:32 [http-nio-8080-exec-7] INFO  com.example.util.DatabaseConnection - Database connection established successfully.
2025-01-10 12:25:34 [http-nio-8080-exec-8] INFO  com.example.controller.ChartDataServlet - Handling POST request for chart data.
2025-01-10 12:25:34 [http-nio-8080-exec-8] INFO  com.example.util.DatabaseConnection - Establishing database connection...
2025-01-10 12:25:34 [http-nio-8080-exec-8] INFO  com.example.util.DatabaseConnection - Database connection established successfully.
2025-01-10 12:25:34 [http-nio-8080-exec-8] INFO  com.example.util.DatabaseConnection - Establishing database connection...
2025-01-10 12:25:34 [http-nio-8080-exec-8] INFO  com.example.util.DatabaseConnection - Database connection established successfully.
2025-01-10 12:25:34 [http-nio-8080-exec-8] INFO  com.example.util.DatabaseConnection - Establishing database connection...
2025-01-10 12:25:34 [http-nio-8080-exec-8] INFO  com.example.util.DatabaseConnection - Database connection established successfully.
2025-01-10 12:25:35 [http-nio-8080-exec-10] INFO  com.example.controller.ChartDataServlet - Handling POST request for chart data.
2025-01-10 12:25:35 [http-nio-8080-exec-10] INFO  com.example.util.DatabaseConnection - Establishing database connection...
2025-01-10 12:25:35 [http-nio-8080-exec-10] INFO  com.example.util.DatabaseConnection - Database connection established successfully.
2025-01-10 12:25:35 [http-nio-8080-exec-10] INFO  com.example.util.DatabaseConnection - Establishing database connection...
2025-01-10 12:25:35 [http-nio-8080-exec-10] INFO  com.example.util.DatabaseConnection - Database connection established successfully.
2025-01-10 12:25:35 [http-nio-8080-exec-10] INFO  com.example.util.DatabaseConnection - Establishing database connection...
2025-01-10 12:25:35 [http-nio-8080-exec-10] INFO  com.example.util.DatabaseConnection - Database connection established successfully.
2025-01-10 12:25:37 [http-nio-8080-exec-9] INFO  com.example.controller.ChartDataServlet - Handling POST request for chart data.
2025-01-10 12:25:37 [http-nio-8080-exec-9] INFO  com.example.util.DatabaseConnection - Establishing database connection...
2025-01-10 12:25:37 [http-nio-8080-exec-9] INFO  com.example.util.DatabaseConnection - Database connection established successfully.
2025-01-10 12:25:37 [http-nio-8080-exec-9] INFO  com.example.util.DatabaseConnection - Establishing database connection...
2025-01-10 12:25:37 [http-nio-8080-exec-9] INFO  com.example.util.DatabaseConnection - Database connection established successfully.
2025-01-10 12:25:37 [http-nio-8080-exec-9] INFO  com.example.util.DatabaseConnection - Establishing database connection...
2025-01-10 12:25:37 [http-nio-8080-exec-9] INFO  com.example.util.DatabaseConnection - Database connection established successfully.
2025-01-10 12:25:39 [http-nio-8080-exec-1] INFO  com.example.controller.ChartDataServlet - Handling POST request for chart data.
2025-01-10 12:25:39 [http-nio-8080-exec-1] INFO  com.example.util.DatabaseConnection - Establishing database connection...
2025-01-10 12:25:39 [http-nio-8080-exec-1] INFO  com.example.util.DatabaseConnection - Database connection established successfully.
2025-01-10 12:25:39 [http-nio-8080-exec-1] INFO  com.example.util.DatabaseConnection - Establishing database connection...
2025-01-10 12:25:39 [http-nio-8080-exec-1] INFO  com.example.util.DatabaseConnection - Database connection established successfully.
2025-01-10 12:25:39 [http-nio-8080-exec-1] INFO  com.example.util.DatabaseConnection - Establishing database connection...
2025-01-10 12:25:39 [http-nio-8080-exec-1] INFO  com.example.util.DatabaseConnection - Database connection established successfully.
2025-01-10 12:25:43 [http-nio-8080-exec-2] INFO  com.example.controller.ChartDataServlet - Handling POST request for chart data.
2025-01-10 12:25:43 [http-nio-8080-exec-2] INFO  com.example.util.DatabaseConnection - Establishing database connection...
2025-01-10 12:25:43 [http-nio-8080-exec-2] INFO  com.example.util.DatabaseConnection - Database connection established successfully.
2025-01-10 12:25:43 [http-nio-8080-exec-2] INFO  com.example.util.DatabaseConnection - Establishing database connection...
2025-01-10 12:25:43 [http-nio-8080-exec-2] INFO  com.example.util.DatabaseConnection - Database connection established successfully.
2025-01-10 12:25:43 [http-nio-8080-exec-2] INFO  com.example.util.DatabaseConnection - Establishing database connection...
2025-01-10 12:25:43 [http-nio-8080-exec-2] INFO  com.example.util.DatabaseConnection - Database connection established successfully.
2025-01-10 12:25:48 [http-nio-8080-exec-3] INFO  com.example.controller.ChartDataServlet - Handling POST request for chart data.
2025-01-10 12:25:48 [http-nio-8080-exec-3] INFO  com.example.util.DatabaseConnection - Establishing database connection...
2025-01-10 12:25:48 [http-nio-8080-exec-3] INFO  com.example.util.DatabaseConnection - Database connection established successfully.
2025-01-10 12:25:48 [http-nio-8080-exec-3] INFO  com.example.util.DatabaseConnection - Establishing database connection...
2025-01-10 12:25:48 [http-nio-8080-exec-3] INFO  com.example.util.DatabaseConnection - Database connection established successfully.
2025-01-10 12:25:48 [http-nio-8080-exec-3] INFO  com.example.util.DatabaseConnection - Establishing database connection...
2025-01-10 12:25:48 [http-nio-8080-exec-3] INFO  com.example.util.DatabaseConnection - Database connection established successfully.
2025-01-10 12:26:10 [http-nio-8080-exec-5] INFO  com.example.controller.AuthenticationServlet - User is logging out. Invalidating session: AAE7DCB4F3BBB7DDEDBC8E1D386BCCD3
2025-01-10 12:26:10 [http-nio-8080-exec-6] INFO  com.example.filter.RateLimitingFilter - Request allowed for IP: 127.0.0.1
2025-01-10 12:26:10 [http-nio-8080-exec-7] INFO  com.example.filter.RateLimitingFilter - Request allowed for IP: 127.0.0.1
2025-01-10 12:26:10 [http-nio-8080-exec-7] INFO  com.example.controller.ChartDataServlet - Handling POST request for chart data.
2025-01-10 12:26:10 [http-nio-8080-exec-7] INFO  com.example.util.DatabaseConnection - Establishing database connection...
2025-01-10 12:26:10 [http-nio-8080-exec-7] INFO  com.example.util.DatabaseConnection - Database connection established successfully.
2025-01-10 12:26:10 [http-nio-8080-exec-7] INFO  com.example.util.DatabaseConnection - Establishing database connection...
2025-01-10 12:26:10 [http-nio-8080-exec-7] INFO  com.example.util.DatabaseConnection - Database connection established successfully.
2025-01-10 12:26:10 [http-nio-8080-exec-7] INFO  com.example.util.DatabaseConnection - Establishing database connection...
2025-01-10 12:26:10 [http-nio-8080-exec-7] INFO  com.example.util.DatabaseConnection - Database connection established successfully.
2025-01-10 13:50:40 [http-nio-8080-exec-10] INFO  com.example.filter.RateLimitingFilter - Request allowed for IP: 127.0.0.1
2025-01-10 13:50:41 [http-nio-8080-exec-9] INFO  com.example.filter.RateLimitingFilter - Request allowed for IP: 127.0.0.1
2025-01-10 13:50:41 [http-nio-8080-exec-9] INFO  com.example.controller.ChartDataServlet - Handling POST request for chart data.
2025-01-10 13:50:41 [http-nio-8080-exec-9] INFO  com.example.util.DatabaseConnection - Establishing database connection...
2025-01-10 13:50:41 [http-nio-8080-exec-9] INFO  com.example.util.DatabaseConnection - Database connection established successfully.
2025-01-10 13:50:41 [http-nio-8080-exec-9] INFO  com.example.util.DatabaseConnection - Establishing database connection...
2025-01-10 13:50:41 [http-nio-8080-exec-9] INFO  com.example.util.DatabaseConnection - Database connection established successfully.
2025-01-10 13:50:41 [http-nio-8080-exec-9] INFO  com.example.util.DatabaseConnection - Establishing database connection...
2025-01-10 13:50:41 [http-nio-8080-exec-9] INFO  com.example.util.DatabaseConnection - Database connection established successfully.
2025-01-10 13:51:00 [http-nio-8080-exec-1] INFO  com.example.filter.RateLimitingFilter - Request allowed for IP: 127.0.0.1
2025-01-10 13:51:00 [http-nio-8080-exec-1] INFO  com.example.controller.ChartDataServlet - Handling POST request for chart data.
2025-01-10 13:51:00 [http-nio-8080-exec-1] INFO  com.example.util.DatabaseConnection - Establishing database connection...
2025-01-10 13:51:00 [http-nio-8080-exec-1] INFO  com.example.util.DatabaseConnection - Database connection established successfully.
2025-01-10 13:51:00 [http-nio-8080-exec-1] INFO  com.example.util.DatabaseConnection - Establishing database connection...
2025-01-10 13:51:00 [http-nio-8080-exec-1] INFO  com.example.util.DatabaseConnection - Database connection established successfully.
2025-01-10 13:51:00 [http-nio-8080-exec-1] INFO  com.example.util.DatabaseConnection - Establishing database connection...
2025-01-10 13:51:00 [http-nio-8080-exec-1] INFO  com.example.util.DatabaseConnection - Database connection established successfully.
2025-01-10 13:51:01 [http-nio-8080-exec-2] INFO  com.example.filter.RateLimitingFilter - Request allowed for IP: 127.0.0.1
2025-01-10 13:51:01 [http-nio-8080-exec-2] INFO  com.example.controller.ChartDataServlet - Handling POST request for chart data.
2025-01-10 13:51:01 [http-nio-8080-exec-2] INFO  com.example.util.DatabaseConnection - Establishing database connection...
2025-01-10 13:51:01 [http-nio-8080-exec-2] INFO  com.example.util.DatabaseConnection - Database connection established successfully.
2025-01-10 13:51:01 [http-nio-8080-exec-2] INFO  com.example.util.DatabaseConnection - Establishing database connection...
2025-01-10 13:51:01 [http-nio-8080-exec-2] INFO  com.example.util.DatabaseConnection - Database connection established successfully.
2025-01-10 13:51:01 [http-nio-8080-exec-2] INFO  com.example.util.DatabaseConnection - Establishing database connection...
2025-01-10 13:51:01 [http-nio-8080-exec-2] INFO  com.example.util.DatabaseConnection - Database connection established successfully.
2025-01-10 13:51:02 [http-nio-8080-exec-3] INFO  com.example.filter.RateLimitingFilter - Request allowed for IP: 127.0.0.1
2025-01-10 13:51:02 [http-nio-8080-exec-3] INFO  com.example.controller.ChartDataServlet - Handling POST request for chart data.
2025-01-10 13:51:02 [http-nio-8080-exec-3] INFO  com.example.util.DatabaseConnection - Establishing database connection...
2025-01-10 13:51:02 [http-nio-8080-exec-3] INFO  com.example.util.DatabaseConnection - Database connection established successfully.
2025-01-10 13:51:02 [http-nio-8080-exec-3] INFO  com.example.util.DatabaseConnection - Establishing database connection...
2025-01-10 13:51:02 [http-nio-8080-exec-3] INFO  com.example.util.DatabaseConnection - Database connection established successfully.
2025-01-10 13:51:02 [http-nio-8080-exec-3] INFO  com.example.util.DatabaseConnection - Establishing database connection...
2025-01-10 13:51:02 [http-nio-8080-exec-3] INFO  com.example.util.DatabaseConnection - Database connection established successfully.
2025-01-10 13:51:04 [http-nio-8080-exec-4] INFO  com.example.filter.RateLimitingFilter - Request allowed for IP: 127.0.0.1
2025-01-10 13:51:04 [http-nio-8080-exec-4] INFO  com.example.controller.ChartDataServlet - Handling POST request for chart data.
2025-01-10 13:51:04 [http-nio-8080-exec-4] INFO  com.example.util.DatabaseConnection - Establishing database connection...
2025-01-10 13:51:04 [http-nio-8080-exec-4] INFO  com.example.util.DatabaseConnection - Database connection established successfully.
2025-01-10 13:51:04 [http-nio-8080-exec-4] INFO  com.example.util.DatabaseConnection - Establishing database connection...
2025-01-10 13:51:04 [http-nio-8080-exec-4] INFO  com.example.util.DatabaseConnection - Database connection established successfully.
2025-01-10 13:51:04 [http-nio-8080-exec-4] INFO  com.example.util.DatabaseConnection - Establishing database connection...
2025-01-10 13:51:04 [http-nio-8080-exec-4] INFO  com.example.util.DatabaseConnection - Database connection established successfully.
2025-01-10 13:51:05 [http-nio-8080-exec-5] INFO  com.example.filter.RateLimitingFilter - Request allowed for IP: 127.0.0.1
2025-01-10 13:51:05 [http-nio-8080-exec-5] INFO  com.example.controller.ChartDataServlet - Handling POST request for chart data.
2025-01-10 13:51:05 [http-nio-8080-exec-5] INFO  com.example.util.DatabaseConnection - Establishing database connection...
2025-01-10 13:51:05 [http-nio-8080-exec-5] INFO  com.example.util.DatabaseConnection - Database connection established successfully.
2025-01-10 13:51:05 [http-nio-8080-exec-5] INFO  com.example.util.DatabaseConnection - Establishing database connection...
2025-01-10 13:51:05 [http-nio-8080-exec-5] INFO  com.example.util.DatabaseConnection - Database connection established successfully.
2025-01-10 13:51:05 [http-nio-8080-exec-5] INFO  com.example.util.DatabaseConnection - Establishing database connection...
2025-01-10 13:51:05 [http-nio-8080-exec-5] INFO  com.example.util.DatabaseConnection - Database connection established successfully.
2025-01-10 13:51:06 [http-nio-8080-exec-6] INFO  com.example.filter.RateLimitingFilter - Request allowed for IP: 127.0.0.1
2025-01-10 13:51:06 [http-nio-8080-exec-6] INFO  com.example.controller.ChartDataServlet - Handling POST request for chart data.
2025-01-10 13:51:06 [http-nio-8080-exec-6] INFO  com.example.util.DatabaseConnection - Establishing database connection...
2025-01-10 13:51:06 [http-nio-8080-exec-6] INFO  com.example.util.DatabaseConnection - Database connection established successfully.
2025-01-10 13:51:06 [http-nio-8080-exec-6] INFO  com.example.util.DatabaseConnection - Establishing database connection...
2025-01-10 13:51:06 [http-nio-8080-exec-6] INFO  com.example.util.DatabaseConnection - Database connection established successfully.
2025-01-10 13:51:06 [http-nio-8080-exec-6] INFO  com.example.util.DatabaseConnection - Establishing database connection...
2025-01-10 13:51:06 [http-nio-8080-exec-6] INFO  com.example.util.DatabaseConnection - Database connection established successfully.
2025-01-10 13:51:08 [http-nio-8080-exec-7] INFO  com.example.filter.RateLimitingFilter - Request allowed for IP: 127.0.0.1
2025-01-10 13:51:08 [http-nio-8080-exec-7] INFO  com.example.controller.ChartDataServlet - Handling POST request for chart data.
2025-01-10 13:51:08 [http-nio-8080-exec-7] INFO  com.example.util.DatabaseConnection - Establishing database connection...
2025-01-10 13:51:08 [http-nio-8080-exec-7] INFO  com.example.util.DatabaseConnection - Database connection established successfully.
2025-01-10 13:51:08 [http-nio-8080-exec-7] INFO  com.example.util.DatabaseConnection - Establishing database connection...
2025-01-10 13:51:08 [http-nio-8080-exec-7] INFO  com.example.util.DatabaseConnection - Database connection established successfully.
2025-01-10 13:51:08 [http-nio-8080-exec-7] INFO  com.example.util.DatabaseConnection - Establishing database connection...
2025-01-10 13:51:08 [http-nio-8080-exec-7] INFO  com.example.util.DatabaseConnection - Database connection established successfully.
2025-01-10 13:51:12 [http-nio-8080-exec-8] INFO  com.example.filter.RateLimitingFilter - Request allowed for IP: 127.0.0.1
2025-01-10 13:51:12 [http-nio-8080-exec-8] INFO  com.example.controller.ChartDataServlet - Handling POST request for chart data.
2025-01-10 13:51:12 [http-nio-8080-exec-8] INFO  com.example.util.DatabaseConnection - Establishing database connection...
2025-01-10 13:51:12 [http-nio-8080-exec-8] INFO  com.example.util.DatabaseConnection - Database connection established successfully.
2025-01-10 13:51:12 [http-nio-8080-exec-8] INFO  com.example.util.DatabaseConnection - Establishing database connection...
2025-01-10 13:51:12 [http-nio-8080-exec-8] INFO  com.example.util.DatabaseConnection - Database connection established successfully.
2025-01-10 13:51:12 [http-nio-8080-exec-8] INFO  com.example.util.DatabaseConnection - Establishing database connection...
2025-01-10 13:51:12 [http-nio-8080-exec-8] INFO  com.example.util.DatabaseConnection - Database connection established successfully.
2025-01-10 13:51:14 [http-nio-8080-exec-10] INFO  com.example.filter.RateLimitingFilter - Request allowed for IP: 127.0.0.1
2025-01-10 13:51:14 [http-nio-8080-exec-10] INFO  com.example.controller.ChartDataServlet - Handling POST request for chart data.
2025-01-10 13:51:14 [http-nio-8080-exec-10] INFO  com.example.util.DatabaseConnection - Establishing database connection...
2025-01-10 13:51:14 [http-nio-8080-exec-10] INFO  com.example.util.DatabaseConnection - Database connection established successfully.
2025-01-10 13:51:14 [http-nio-8080-exec-10] INFO  com.example.util.DatabaseConnection - Establishing database connection...
2025-01-10 13:51:14 [http-nio-8080-exec-10] INFO  com.example.util.DatabaseConnection - Database connection established successfully.
2025-01-10 13:51:14 [http-nio-8080-exec-10] INFO  com.example.util.DatabaseConnection - Establishing database connection...
2025-01-10 13:51:14 [http-nio-8080-exec-10] INFO  com.example.util.DatabaseConnection - Database connection established successfully.
2025-01-10 13:51:16 [http-nio-8080-exec-9] INFO  com.example.filter.RateLimitingFilter - Request allowed for IP: 127.0.0.1
2025-01-10 13:51:16 [http-nio-8080-exec-9] INFO  com.example.controller.ChartDataServlet - Handling POST request for chart data.
2025-01-10 13:51:16 [http-nio-8080-exec-9] INFO  com.example.util.DatabaseConnection - Establishing database connection...
2025-01-10 13:51:16 [http-nio-8080-exec-9] INFO  com.example.util.DatabaseConnection - Database connection established successfully.
2025-01-10 13:51:16 [http-nio-8080-exec-9] INFO  com.example.util.DatabaseConnection - Establishing database connection...
2025-01-10 13:51:16 [http-nio-8080-exec-9] INFO  com.example.util.DatabaseConnection - Database connection established successfully.
2025-01-10 13:51:16 [http-nio-8080-exec-9] INFO  com.example.util.DatabaseConnection - Establishing database connection...
2025-01-10 13:51:16 [http-nio-8080-exec-9] INFO  com.example.util.DatabaseConnection - Database connection established successfully.
2025-01-10 13:51:18 [http-nio-8080-exec-1] INFO  com.example.filter.RateLimitingFilter - Request allowed for IP: 127.0.0.1
2025-01-10 13:51:18 [http-nio-8080-exec-1] INFO  com.example.controller.ChartDataServlet - Handling POST request for chart data.
2025-01-10 13:51:18 [http-nio-8080-exec-1] INFO  com.example.util.DatabaseConnection - Establishing database connection...
2025-01-10 13:51:18 [http-nio-8080-exec-1] INFO  com.example.util.DatabaseConnection - Database connection established successfully.
2025-01-10 13:51:18 [http-nio-8080-exec-1] INFO  com.example.util.DatabaseConnection - Establishing database connection...
2025-01-10 13:51:18 [http-nio-8080-exec-1] INFO  com.example.util.DatabaseConnection - Database connection established successfully.
2025-01-10 13:51:18 [http-nio-8080-exec-1] INFO  com.example.util.DatabaseConnection - Establishing database connection...
2025-01-10 13:51:18 [http-nio-8080-exec-1] INFO  com.example.util.DatabaseConnection - Database connection established successfully.
2025-01-10 13:51:23 [http-nio-8080-exec-2] INFO  com.example.filter.RateLimitingFilter - Request allowed for IP: 127.0.0.1
2025-01-10 13:51:29 [http-nio-8080-exec-3] INFO  com.example.filter.RateLimitingFilter - Request allowed for IP: 127.0.0.1
2025-01-10 13:51:29 [http-nio-8080-exec-3] INFO  com.example.controller.AuthenticationServlet - Login successful for user: admin
2025-01-10 13:51:29 [http-nio-8080-exec-5] INFO  com.example.controller.ChartDataServlet - Handling POST request for chart data.
2025-01-10 13:51:29 [http-nio-8080-exec-5] INFO  com.example.util.DatabaseConnection - Establishing database connection...
2025-01-10 13:51:29 [http-nio-8080-exec-5] INFO  com.example.util.DatabaseConnection - Database connection established successfully.
2025-01-10 13:51:29 [http-nio-8080-exec-5] INFO  com.example.util.DatabaseConnection - Establishing database connection...
2025-01-10 13:51:29 [http-nio-8080-exec-5] INFO  com.example.util.DatabaseConnection - Database connection established successfully.
2025-01-10 13:51:29 [http-nio-8080-exec-5] INFO  com.example.util.DatabaseConnection - Establishing database connection...
2025-01-10 13:51:29 [http-nio-8080-exec-5] INFO  com.example.util.DatabaseConnection - Database connection established successfully.
2025-01-10 13:51:35 [http-nio-8080-exec-7] INFO  com.example.controller.UploadServlet - Received upload request. Admin ID: 1
2025-01-10 13:51:35 [http-nio-8080-exec-7] INFO  com.example.controller.UploadServlet - File upload success for file: data1.csv
2025-01-10 13:51:35 [http-nio-8080-exec-10] INFO  com.example.controller.ChartDataServlet - Handling POST request for chart data.
2025-01-10 13:51:35 [http-nio-8080-exec-10] INFO  com.example.util.DatabaseConnection - Establishing database connection...
2025-01-10 13:51:35 [http-nio-8080-exec-10] INFO  com.example.util.DatabaseConnection - Database connection established successfully.
2025-01-10 13:51:35 [http-nio-8080-exec-10] INFO  com.example.util.DatabaseConnection - Establishing database connection...
2025-01-10 13:51:35 [http-nio-8080-exec-10] INFO  com.example.util.DatabaseConnection - Database connection established successfully.
2025-01-10 13:51:35 [http-nio-8080-exec-10] INFO  com.example.util.DatabaseConnection - Establishing database connection...
2025-01-10 13:51:35 [http-nio-8080-exec-10] INFO  com.example.util.DatabaseConnection - Database connection established successfully.
2025-01-10 13:52:22 [http-nio-8080-exec-1] INFO  com.example.controller.AuthenticationServlet - User is logging out. Invalidating session: 6C56C82D1A6E1862C11CB15219EB36C6
2025-01-10 13:52:22 [http-nio-8080-exec-2] INFO  com.example.filter.RateLimitingFilter - Request allowed for IP: 127.0.0.1
2025-01-10 13:52:22 [http-nio-8080-exec-3] INFO  com.example.filter.RateLimitingFilter - Request allowed for IP: 127.0.0.1
2025-01-10 13:52:22 [http-nio-8080-exec-3] INFO  com.example.controller.ChartDataServlet - Handling POST request for chart data.
2025-01-10 13:52:22 [http-nio-8080-exec-3] INFO  com.example.util.DatabaseConnection - Establishing database connection...
2025-01-10 13:52:22 [http-nio-8080-exec-3] INFO  com.example.util.DatabaseConnection - Database connection established successfully.
2025-01-10 13:52:22 [http-nio-8080-exec-3] INFO  com.example.util.DatabaseConnection - Establishing database connection...
2025-01-10 13:52:22 [http-nio-8080-exec-3] INFO  com.example.util.DatabaseConnection - Database connection established successfully.
2025-01-10 13:52:22 [http-nio-8080-exec-3] INFO  com.example.util.DatabaseConnection - Establishing database connection...
2025-01-10 13:52:22 [http-nio-8080-exec-3] INFO  com.example.util.DatabaseConnection - Database connection established successfully.
2025-01-10 13:52:25 [http-nio-8080-exec-4] INFO  com.example.filter.RateLimitingFilter - Request allowed for IP: 127.0.0.1
2025-01-10 13:52:25 [http-nio-8080-exec-5] INFO  com.example.filter.RateLimitingFilter - Request allowed for IP: 127.0.0.1
2025-01-10 13:52:25 [http-nio-8080-exec-5] INFO  com.example.controller.ChartDataServlet - Handling POST request for chart data.
2025-01-10 13:52:25 [http-nio-8080-exec-5] INFO  com.example.util.DatabaseConnection - Establishing database connection...
2025-01-10 13:52:25 [http-nio-8080-exec-5] INFO  com.example.util.DatabaseConnection - Database connection established successfully.
2025-01-10 13:52:25 [http-nio-8080-exec-5] INFO  com.example.util.DatabaseConnection - Establishing database connection...
2025-01-10 13:52:25 [http-nio-8080-exec-5] INFO  com.example.util.DatabaseConnection - Database connection established successfully.
2025-01-10 13:52:25 [http-nio-8080-exec-5] INFO  com.example.util.DatabaseConnection - Establishing database connection...
2025-01-10 13:52:25 [http-nio-8080-exec-5] INFO  com.example.util.DatabaseConnection - Database connection established successfully.
